[0.023s] Invoking command in '/home/nimrod/robot_arm/src/robot_arm/build/robot_arm': CMAKE_PREFIX_PATH=${CMAKE_PREFIX_PATH}:/opt/ros/jazzy DEBUGINFOD_URLS=https://debuginfod.ubuntu.com /usr/bin/cmake /home/nimrod/robot_arm/src/robot_arm -DCMAKE_INSTALL_PREFIX=/home/nimrod/robot_arm/src/robot_arm/install/robot_arm
[0.151s] -- The C compiler identification is GNU 13.3.0
[0.350s] -- The CXX compiler identification is GNU 13.3.0
[0.394s] -- Detecting C compiler ABI info
[0.668s] -- Detecting C compiler ABI info - done
[0.688s] -- Check for working C compiler: /usr/bin/cc - skipped
[0.689s] -- Detecting C compile features
[0.690s] -- Detecting C compile features - done
[0.712s] -- Detecting CXX compiler ABI info
[0.952s] -- Detecting CXX compiler ABI info - done
[0.971s] -- Check for working CXX compiler: /usr/bin/c++ - skipped
[0.971s] -- Detecting CXX compile features
[0.972s] -- Detecting CXX compile features - done
[0.982s] -- Found ament_cmake: 2.5.3 (/opt/ros/jazzy/share/ament_cmake/cmake)
[1.318s] -- Found Python3: /usr/bin/python3 (found version "3.12.3") found components: Interpreter 
[1.789s] -- Configuring done (1.7s)
[1.796s] -- Generating done (0.0s)
[1.800s] -- Build files have been written to: /home/nimrod/robot_arm/src/robot_arm/build/robot_arm
[1.813s] Invoked command in '/home/nimrod/robot_arm/src/robot_arm/build/robot_arm' returned '0': CMAKE_PREFIX_PATH=${CMAKE_PREFIX_PATH}:/opt/ros/jazzy DEBUGINFOD_URLS=https://debuginfod.ubuntu.com /usr/bin/cmake /home/nimrod/robot_arm/src/robot_arm -DCMAKE_INSTALL_PREFIX=/home/nimrod/robot_arm/src/robot_arm/install/robot_arm
[1.816s] Invoking command in '/home/nimrod/robot_arm/src/robot_arm/build/robot_arm': CMAKE_PREFIX_PATH=${CMAKE_PREFIX_PATH}:/opt/ros/jazzy DEBUGINFOD_URLS=https://debuginfod.ubuntu.com /usr/bin/cmake --build /home/nimrod/robot_arm/src/robot_arm/build/robot_arm -- -j4 -l4
[1.912s] Invoked command in '/home/nimrod/robot_arm/src/robot_arm/build/robot_arm' returned '0': CMAKE_PREFIX_PATH=${CMAKE_PREFIX_PATH}:/opt/ros/jazzy DEBUGINFOD_URLS=https://debuginfod.ubuntu.com /usr/bin/cmake --build /home/nimrod/robot_arm/src/robot_arm/build/robot_arm -- -j4 -l4
[1.938s] Invoking command in '/home/nimrod/robot_arm/src/robot_arm/build/robot_arm': CMAKE_PREFIX_PATH=${CMAKE_PREFIX_PATH}:/opt/ros/jazzy DEBUGINFOD_URLS=https://debuginfod.ubuntu.com /usr/bin/cmake --install /home/nimrod/robot_arm/src/robot_arm/build/robot_arm
[1.961s] -- Install configuration: ""
[1.961s] -- Installing: /home/nimrod/robot_arm/src/robot_arm/install/robot_arm/share/robot_arm//urdf
[1.962s] -- Installing: /home/nimrod/robot_arm/src/robot_arm/install/robot_arm/share/robot_arm//urdf/robot_arm.urdf.xacro
[1.962s] -- Installing: /home/nimrod/robot_arm/src/robot_arm/install/robot_arm/share/robot_arm//launch
[1.962s] -- Installing: /home/nimrod/robot_arm/src/robot_arm/install/robot_arm/share/robot_arm//launch/display.launch.xml
[1.963s] -- Installing: /home/nimrod/robot_arm/src/robot_arm/install/robot_arm/share/ament_index/resource_index/package_run_dependencies/robot_arm
[1.963s] -- Installing: /home/nimrod/robot_arm/src/robot_arm/install/robot_arm/share/ament_index/resource_index/parent_prefix_path/robot_arm
[1.964s] -- Installing: /home/nimrod/robot_arm/src/robot_arm/install/robot_arm/share/robot_arm/environment/ament_prefix_path.sh
[1.964s] -- Installing: /home/nimrod/robot_arm/src/robot_arm/install/robot_arm/share/robot_arm/environment/ament_prefix_path.dsv
[1.964s] -- Installing: /home/nimrod/robot_arm/src/robot_arm/install/robot_arm/share/robot_arm/environment/path.sh
[1.965s] -- Installing: /home/nimrod/robot_arm/src/robot_arm/install/robot_arm/share/robot_arm/environment/path.dsv
[1.965s] -- Installing: /home/nimrod/robot_arm/src/robot_arm/install/robot_arm/share/robot_arm/local_setup.bash
[1.966s] -- Installing: /home/nimrod/robot_arm/src/robot_arm/install/robot_arm/share/robot_arm/local_setup.sh
[1.966s] -- Installing: /home/nimrod/robot_arm/src/robot_arm/install/robot_arm/share/robot_arm/local_setup.zsh
[1.967s] -- Installing: /home/nimrod/robot_arm/src/robot_arm/install/robot_arm/share/robot_arm/local_setup.dsv
[1.967s] -- Installing: /home/nimrod/robot_arm/src/robot_arm/install/robot_arm/share/robot_arm/package.dsv
[1.967s] -- Installing: /home/nimrod/robot_arm/src/robot_arm/install/robot_arm/share/ament_index/resource_index/packages/robot_arm
[1.968s] -- Installing: /home/nimrod/robot_arm/src/robot_arm/install/robot_arm/share/robot_arm/cmake/robot_armConfig.cmake
[1.968s] -- Installing: /home/nimrod/robot_arm/src/robot_arm/install/robot_arm/share/robot_arm/cmake/robot_armConfig-version.cmake
[1.969s] -- Installing: /home/nimrod/robot_arm/src/robot_arm/install/robot_arm/share/robot_arm/package.xml
[1.973s] Invoked command in '/home/nimrod/robot_arm/src/robot_arm/build/robot_arm' returned '0': CMAKE_PREFIX_PATH=${CMAKE_PREFIX_PATH}:/opt/ros/jazzy DEBUGINFOD_URLS=https://debuginfod.ubuntu.com /usr/bin/cmake --install /home/nimrod/robot_arm/src/robot_arm/build/robot_arm
