[0.247s] DEBUG:colcon:Command line arguments: ['/usr/bin/colcon', 'build']
[0.247s] DEBUG:colcon:Parsed command line arguments: Namespace(log_base=None, log_level=None, verb_name='build', build_base='build', install_base='install', merge_install=False, symlink_install=False, test_result_base=None, continue_on_error=False, executor='parallel', parallel_workers=4, event_handlers=None, ignore_user_meta=False, metas=['./colcon.meta'], base_paths=['.'], packages_ignore=None, packages_ignore_regex=None, paths=None, packages_up_to=None, packages_up_to_regex=None, packages_above=None, packages_above_and_dependencies=None, packages_above_depth=None, packages_select_by_dep=None, packages_skip_by_dep=None, packages_skip_up_to=None, packages_select_build_failed=False, packages_skip_build_finished=False, packages_select_test_failures=False, packages_skip_test_passed=False, packages_select=None, packages_skip=None, packages_select_regex=None, packages_skip_regex=None, packages_start=None, packages_end=None, allow_overriding=[], cmake_args=None, cmake_target=None, cmake_target_skip_unavailable=False, cmake_clean_cache=False, cmake_clean_first=False, cmake_force_configure=False, ament_cmake_args=None, catkin_cmake_args=None, catkin_skip_building_tests=False, mixin_files=None, mixin=None, verb_parser=<colcon_mixin.mixin.mixin_argument.MixinArgumentDecorator object at 0x7b51a72a90d0>, verb_extension=<colcon_core.verb.build.BuildVerb object at 0x7b51a72a8d70>, main=<bound method BuildVerb.main of <colcon_core.verb.build.BuildVerb object at 0x7b51a72a8d70>>, mixin_verb=('build',))
[0.340s] Level 1:colcon.colcon_core.package_discovery:discover_packages(colcon_meta) check parameters
[0.340s] Level 1:colcon.colcon_core.package_discovery:discover_packages(recursive) check parameters
[0.340s] Level 1:colcon.colcon_core.package_discovery:discover_packages(ignore) check parameters
[0.341s] Level 1:colcon.colcon_core.package_discovery:discover_packages(path) check parameters
[0.341s] Level 1:colcon.colcon_core.package_discovery:discover_packages(colcon_meta) discover
[0.341s] Level 1:colcon.colcon_core.package_discovery:discover_packages(recursive) discover
[0.341s] INFO:colcon.colcon_core.package_discovery:Crawling recursively for packages in '/home/nimrod/robot_arm'
[0.341s] Level 1:colcon.colcon_core.package_identification:_identify(.) by extensions ['ignore', 'ignore_ament_install']
[0.341s] Level 1:colcon.colcon_core.package_identification:_identify(.) by extension 'ignore'
[0.342s] Level 1:colcon.colcon_core.package_identification:_identify(.) by extension 'ignore_ament_install'
[0.342s] Level 1:colcon.colcon_core.package_identification:_identify(.) by extensions ['colcon_pkg']
[0.342s] Level 1:colcon.colcon_core.package_identification:_identify(.) by extension 'colcon_pkg'
[0.342s] Level 1:colcon.colcon_core.package_identification:_identify(.) by extensions ['colcon_meta']
[0.342s] Level 1:colcon.colcon_core.package_identification:_identify(.) by extension 'colcon_meta'
[0.342s] Level 1:colcon.colcon_core.package_identification:_identify(.) by extensions ['ros']
[0.342s] Level 1:colcon.colcon_core.package_identification:_identify(.) by extension 'ros'
[0.407s] Level 1:colcon.colcon_core.package_identification:_identify(.) by extensions ['cmake', 'python']
[0.408s] Level 1:colcon.colcon_core.package_identification:_identify(.) by extension 'cmake'
[0.408s] Level 1:colcon.colcon_core.package_identification:_identify(.) by extension 'python'
[0.408s] Level 1:colcon.colcon_core.package_identification:_identify(.) by extensions ['python_setup_py']
[0.408s] Level 1:colcon.colcon_core.package_identification:_identify(.) by extension 'python_setup_py'
[0.408s] Level 1:colcon.colcon_core.package_identification:_identify(build) by extensions ['ignore', 'ignore_ament_install']
[0.409s] Level 1:colcon.colcon_core.package_identification:_identify(build) by extension 'ignore'
[0.409s] Level 1:colcon.colcon_core.package_identification:_identify(build) ignored
[0.409s] Level 1:colcon.colcon_core.package_identification:_identify(install) by extensions ['ignore', 'ignore_ament_install']
[0.409s] Level 1:colcon.colcon_core.package_identification:_identify(install) by extension 'ignore'
[0.410s] Level 1:colcon.colcon_core.package_identification:_identify(install) ignored
[0.410s] Level 1:colcon.colcon_core.package_identification:_identify(log) by extensions ['ignore', 'ignore_ament_install']
[0.410s] Level 1:colcon.colcon_core.package_identification:_identify(log) by extension 'ignore'
[0.410s] Level 1:colcon.colcon_core.package_identification:_identify(log) ignored
[0.411s] Level 1:colcon.colcon_core.package_identification:_identify(src) by extensions ['ignore', 'ignore_ament_install']
[0.411s] Level 1:colcon.colcon_core.package_identification:_identify(src) by extension 'ignore'
[0.411s] Level 1:colcon.colcon_core.package_identification:_identify(src) by extension 'ignore_ament_install'
[0.411s] Level 1:colcon.colcon_core.package_identification:_identify(src) by extensions ['colcon_pkg']
[0.411s] Level 1:colcon.colcon_core.package_identification:_identify(src) by extension 'colcon_pkg'
[0.411s] Level 1:colcon.colcon_core.package_identification:_identify(src) by extensions ['colcon_meta']
[0.412s] Level 1:colcon.colcon_core.package_identification:_identify(src) by extension 'colcon_meta'
[0.412s] Level 1:colcon.colcon_core.package_identification:_identify(src) by extensions ['ros']
[0.412s] Level 1:colcon.colcon_core.package_identification:_identify(src) by extension 'ros'
[0.412s] Level 1:colcon.colcon_core.package_identification:_identify(src) by extensions ['cmake', 'python']
[0.412s] Level 1:colcon.colcon_core.package_identification:_identify(src) by extension 'cmake'
[0.412s] Level 1:colcon.colcon_core.package_identification:_identify(src) by extension 'python'
[0.412s] Level 1:colcon.colcon_core.package_identification:_identify(src) by extensions ['python_setup_py']
[0.413s] Level 1:colcon.colcon_core.package_identification:_identify(src) by extension 'python_setup_py'
[0.413s] Level 1:colcon.colcon_core.package_identification:_identify(src/robot_arm) by extensions ['ignore', 'ignore_ament_install']
[0.413s] Level 1:colcon.colcon_core.package_identification:_identify(src/robot_arm) by extension 'ignore'
[0.413s] Level 1:colcon.colcon_core.package_identification:_identify(src/robot_arm) by extension 'ignore_ament_install'
[0.413s] Level 1:colcon.colcon_core.package_identification:_identify(src/robot_arm) by extensions ['colcon_pkg']
[0.414s] Level 1:colcon.colcon_core.package_identification:_identify(src/robot_arm) by extension 'colcon_pkg'
[0.414s] Level 1:colcon.colcon_core.package_identification:_identify(src/robot_arm) by extensions ['colcon_meta']
[0.414s] Level 1:colcon.colcon_core.package_identification:_identify(src/robot_arm) by extension 'colcon_meta'
[0.414s] Level 1:colcon.colcon_core.package_identification:_identify(src/robot_arm) by extensions ['ros']
[0.414s] Level 1:colcon.colcon_core.package_identification:_identify(src/robot_arm) by extension 'ros'
[0.419s] DEBUG:colcon.colcon_core.package_identification:Package 'src/robot_arm' with type 'ros.ament_cmake' and name 'robot_arm'
[0.420s] Level 1:colcon.colcon_core.package_discovery:discover_packages(recursive) using defaults
[0.420s] Level 1:colcon.colcon_core.package_discovery:discover_packages(ignore) discover
[0.420s] Level 1:colcon.colcon_core.package_discovery:discover_packages(ignore) using defaults
[0.420s] Level 1:colcon.colcon_core.package_discovery:discover_packages(path) discover
[0.420s] Level 1:colcon.colcon_core.package_discovery:discover_packages(path) using defaults
[0.458s] Level 1:colcon.colcon_core.package_discovery:discover_packages(prefix_path) check parameters
[0.458s] Level 1:colcon.colcon_core.package_discovery:discover_packages(prefix_path) discover
[0.460s] WARNING:colcon.colcon_ros.prefix_path.ament:The path '/home/nimrod/robot_arm/install/robot_arm' in the environment variable AMENT_PREFIX_PATH doesn't exist
[0.461s] WARNING:colcon.colcon_ros.prefix_path.catkin:The path '/home/nimrod/robot_arm/install/robot_arm' in the environment variable CMAKE_PREFIX_PATH doesn't exist
[0.463s] DEBUG:colcon.colcon_installed_package_information.package_discovery:Found 0 installed packages in /home/nimrod/robot_arm/install
[0.464s] DEBUG:colcon.colcon_installed_package_information.package_discovery:Found 1 installed packages in /home/nimrod/ws_1/install
[0.473s] DEBUG:colcon.colcon_installed_package_information.package_discovery:Found 386 installed packages in /opt/ros/jazzy
[0.480s] Level 1:colcon.colcon_core.package_discovery:discover_packages(prefix_path) using defaults
[0.612s] Level 5:colcon.colcon_core.verb:set package 'robot_arm' build argument 'cmake_args' from command line to 'None'
[0.612s] Level 5:colcon.colcon_core.verb:set package 'robot_arm' build argument 'cmake_target' from command line to 'None'
[0.612s] Level 5:colcon.colcon_core.verb:set package 'robot_arm' build argument 'cmake_target_skip_unavailable' from command line to 'False'
[0.612s] Level 5:colcon.colcon_core.verb:set package 'robot_arm' build argument 'cmake_clean_cache' from command line to 'False'
[0.612s] Level 5:colcon.colcon_core.verb:set package 'robot_arm' build argument 'cmake_clean_first' from command line to 'False'
[0.612s] Level 5:colcon.colcon_core.verb:set package 'robot_arm' build argument 'cmake_force_configure' from command line to 'False'
[0.612s] Level 5:colcon.colcon_core.verb:set package 'robot_arm' build argument 'ament_cmake_args' from command line to 'None'
[0.612s] Level 5:colcon.colcon_core.verb:set package 'robot_arm' build argument 'catkin_cmake_args' from command line to 'None'
[0.612s] Level 5:colcon.colcon_core.verb:set package 'robot_arm' build argument 'catkin_skip_building_tests' from command line to 'False'
[0.612s] DEBUG:colcon.colcon_core.verb:Building package 'robot_arm' with the following arguments: {'ament_cmake_args': None, 'build_base': '/home/nimrod/robot_arm/build/robot_arm', 'catkin_cmake_args': None, 'catkin_skip_building_tests': False, 'cmake_args': None, 'cmake_clean_cache': False, 'cmake_clean_first': False, 'cmake_force_configure': False, 'cmake_target': None, 'cmake_target_skip_unavailable': False, 'install_base': '/home/nimrod/robot_arm/install/robot_arm', 'merge_install': False, 'path': '/home/nimrod/robot_arm/src/robot_arm', 'symlink_install': False, 'test_result_base': None}
[0.612s] INFO:colcon.colcon_core.executor:Executing jobs using 'parallel' executor
[0.614s] DEBUG:colcon.colcon_parallel_executor.executor.parallel:run_until_complete
[0.614s] INFO:colcon.colcon_ros.task.ament_cmake.build:Building ROS package in '/home/nimrod/robot_arm/src/robot_arm' with build type 'ament_cmake'
[0.615s] INFO:colcon.colcon_cmake.task.cmake.build:Building CMake package in '/home/nimrod/robot_arm/src/robot_arm'
[0.619s] INFO:colcon.colcon_core.plugin_system:Skipping extension 'colcon_core.shell.bat': Not used on non-Windows systems
[0.620s] INFO:colcon.colcon_core.shell:Skip shell extension 'powershell' for command environment: Not usable outside of PowerShell
[0.621s] DEBUG:colcon.colcon_core.shell:Skip shell extension 'dsv' for command environment
[0.644s] DEBUG:colcon.colcon_core.event_handler.log_command:Invoking command in '/home/nimrod/robot_arm/build/robot_arm': CMAKE_PREFIX_PATH=${CMAKE_PREFIX_PATH}:/opt/ros/jazzy DEBUGINFOD_URLS=https://debuginfod.ubuntu.com /usr/bin/cmake /home/nimrod/robot_arm/src/robot_arm -DCMAKE_INSTALL_PREFIX=/home/nimrod/robot_arm/install/robot_arm
[2.630s] DEBUG:colcon.colcon_core.event_handler.log_command:Invoked command in '/home/nimrod/robot_arm/build/robot_arm' returned '0': CMAKE_PREFIX_PATH=${CMAKE_PREFIX_PATH}:/opt/ros/jazzy DEBUGINFOD_URLS=https://debuginfod.ubuntu.com /usr/bin/cmake /home/nimrod/robot_arm/src/robot_arm -DCMAKE_INSTALL_PREFIX=/home/nimrod/robot_arm/install/robot_arm
[2.635s] DEBUG:colcon.colcon_core.event_handler.log_command:Invoking command in '/home/nimrod/robot_arm/build/robot_arm': CMAKE_PREFIX_PATH=${CMAKE_PREFIX_PATH}:/opt/ros/jazzy DEBUGINFOD_URLS=https://debuginfod.ubuntu.com /usr/bin/cmake --build /home/nimrod/robot_arm/build/robot_arm -- -j4 -l4
[2.737s] DEBUG:colcon.colcon_core.event_handler.log_command:Invoked command in '/home/nimrod/robot_arm/build/robot_arm' returned '0': CMAKE_PREFIX_PATH=${CMAKE_PREFIX_PATH}:/opt/ros/jazzy DEBUGINFOD_URLS=https://debuginfod.ubuntu.com /usr/bin/cmake --build /home/nimrod/robot_arm/build/robot_arm -- -j4 -l4
[2.761s] DEBUG:colcon.colcon_core.event_handler.log_command:Invoking command in '/home/nimrod/robot_arm/build/robot_arm': CMAKE_PREFIX_PATH=${CMAKE_PREFIX_PATH}:/opt/ros/jazzy DEBUGINFOD_URLS=https://debuginfod.ubuntu.com /usr/bin/cmake --install /home/nimrod/robot_arm/build/robot_arm
[2.795s] Level 1:colcon.colcon_core.environment:create_environment_scripts_only(robot_arm)
[2.797s] DEBUG:colcon.colcon_core.event_handler.log_command:Invoked command in '/home/nimrod/robot_arm/build/robot_arm' returned '0': CMAKE_PREFIX_PATH=${CMAKE_PREFIX_PATH}:/opt/ros/jazzy DEBUGINFOD_URLS=https://debuginfod.ubuntu.com /usr/bin/cmake --install /home/nimrod/robot_arm/build/robot_arm
[2.801s] Level 1:colcon.colcon_core.environment:checking '/home/nimrod/robot_arm/install/robot_arm' for CMake module files
[2.802s] Level 1:colcon.colcon_core.environment:checking '/home/nimrod/robot_arm/install/robot_arm' for CMake config files
[2.803s] Level 1:colcon.colcon_core.shell:create_environment_hook('robot_arm', 'cmake_prefix_path')
[2.803s] INFO:colcon.colcon_core.shell:Creating environment hook '/home/nimrod/robot_arm/install/robot_arm/share/robot_arm/hook/cmake_prefix_path.ps1'
[2.804s] INFO:colcon.colcon_core.shell:Creating environment descriptor '/home/nimrod/robot_arm/install/robot_arm/share/robot_arm/hook/cmake_prefix_path.dsv'
[2.805s] INFO:colcon.colcon_core.shell:Creating environment hook '/home/nimrod/robot_arm/install/robot_arm/share/robot_arm/hook/cmake_prefix_path.sh'
[2.806s] Level 1:colcon.colcon_core.environment:checking '/home/nimrod/robot_arm/install/robot_arm/bin'
[2.806s] Level 1:colcon.colcon_core.environment:checking '/home/nimrod/robot_arm/install/robot_arm/lib/pkgconfig/robot_arm.pc'
[2.807s] Level 1:colcon.colcon_core.environment:checking '/home/nimrod/robot_arm/install/robot_arm/lib/python3.12/site-packages'
[2.807s] Level 1:colcon.colcon_core.environment:checking '/home/nimrod/robot_arm/install/robot_arm/bin'
[2.808s] INFO:colcon.colcon_core.shell:Creating package script '/home/nimrod/robot_arm/install/robot_arm/share/robot_arm/package.ps1'
[2.809s] INFO:colcon.colcon_core.shell:Creating package descriptor '/home/nimrod/robot_arm/install/robot_arm/share/robot_arm/package.dsv'
[2.811s] INFO:colcon.colcon_core.shell:Creating package script '/home/nimrod/robot_arm/install/robot_arm/share/robot_arm/package.sh'
[2.812s] INFO:colcon.colcon_core.shell:Creating package script '/home/nimrod/robot_arm/install/robot_arm/share/robot_arm/package.bash'
[2.813s] INFO:colcon.colcon_core.shell:Creating package script '/home/nimrod/robot_arm/install/robot_arm/share/robot_arm/package.zsh'
[2.814s] Level 1:colcon.colcon_core.environment:create_file_with_runtime_dependencies(/home/nimrod/robot_arm/install/robot_arm/share/colcon-core/packages/robot_arm)
[2.815s] Level 1:colcon.colcon_core.environment:create_environment_scripts_only(robot_arm)
[2.815s] Level 1:colcon.colcon_core.environment:checking '/home/nimrod/robot_arm/install/robot_arm' for CMake module files
[2.816s] Level 1:colcon.colcon_core.environment:checking '/home/nimrod/robot_arm/install/robot_arm' for CMake config files
[2.817s] Level 1:colcon.colcon_core.shell:create_environment_hook('robot_arm', 'cmake_prefix_path')
[2.817s] INFO:colcon.colcon_core.shell:Creating environment hook '/home/nimrod/robot_arm/install/robot_arm/share/robot_arm/hook/cmake_prefix_path.ps1'
[2.818s] INFO:colcon.colcon_core.shell:Creating environment descriptor '/home/nimrod/robot_arm/install/robot_arm/share/robot_arm/hook/cmake_prefix_path.dsv'
[2.818s] INFO:colcon.colcon_core.shell:Creating environment hook '/home/nimrod/robot_arm/install/robot_arm/share/robot_arm/hook/cmake_prefix_path.sh'
[2.819s] Level 1:colcon.colcon_core.environment:checking '/home/nimrod/robot_arm/install/robot_arm/bin'
[2.820s] Level 1:colcon.colcon_core.environment:checking '/home/nimrod/robot_arm/install/robot_arm/lib/pkgconfig/robot_arm.pc'
[2.820s] Level 1:colcon.colcon_core.environment:checking '/home/nimrod/robot_arm/install/robot_arm/lib/python3.12/site-packages'
[2.821s] Level 1:colcon.colcon_core.environment:checking '/home/nimrod/robot_arm/install/robot_arm/bin'
[2.821s] INFO:colcon.colcon_core.shell:Creating package script '/home/nimrod/robot_arm/install/robot_arm/share/robot_arm/package.ps1'
[2.822s] INFO:colcon.colcon_core.shell:Creating package descriptor '/home/nimrod/robot_arm/install/robot_arm/share/robot_arm/package.dsv'
[2.823s] INFO:colcon.colcon_core.shell:Creating package script '/home/nimrod/robot_arm/install/robot_arm/share/robot_arm/package.sh'
[2.824s] INFO:colcon.colcon_core.shell:Creating package script '/home/nimrod/robot_arm/install/robot_arm/share/robot_arm/package.bash'
[2.825s] INFO:colcon.colcon_core.shell:Creating package script '/home/nimrod/robot_arm/install/robot_arm/share/robot_arm/package.zsh'
[2.826s] Level 1:colcon.colcon_core.environment:create_file_with_runtime_dependencies(/home/nimrod/robot_arm/install/robot_arm/share/colcon-core/packages/robot_arm)
[2.827s] DEBUG:colcon.colcon_parallel_executor.executor.parallel:closing loop
[2.829s] DEBUG:colcon.colcon_parallel_executor.executor.parallel:loop closed
[2.829s] DEBUG:colcon.colcon_parallel_executor.executor.parallel:run_until_complete finished with '0'
[2.829s] DEBUG:colcon.colcon_core.event_reactor:joining thread
[2.840s] INFO:colcon.colcon_core.plugin_system:Skipping extension 'colcon_notification.desktop_notification.terminal_notifier': Not used on non-Darwin systems
[2.841s] INFO:colcon.colcon_core.plugin_system:Skipping extension 'colcon_notification.desktop_notification.win32': Not used on non-Windows systems
[2.841s] INFO:colcon.colcon_notification.desktop_notification:Sending desktop notification using 'notify2'
[2.899s] DEBUG:colcon.colcon_core.event_reactor:joined thread
[2.900s] INFO:colcon.colcon_core.shell:Creating prefix script '/home/nimrod/robot_arm/install/local_setup.ps1'
[2.904s] INFO:colcon.colcon_core.shell:Creating prefix util module '/home/nimrod/robot_arm/install/_local_setup_util_ps1.py'
[2.909s] INFO:colcon.colcon_core.shell:Creating prefix chain script '/home/nimrod/robot_arm/install/setup.ps1'
[2.914s] INFO:colcon.colcon_core.shell:Creating prefix script '/home/nimrod/robot_arm/install/local_setup.sh'
[2.916s] INFO:colcon.colcon_core.shell:Creating prefix util module '/home/nimrod/robot_arm/install/_local_setup_util_sh.py'
[2.918s] INFO:colcon.colcon_core.shell:Creating prefix chain script '/home/nimrod/robot_arm/install/setup.sh'
[2.923s] INFO:colcon.colcon_core.shell:Creating prefix script '/home/nimrod/robot_arm/install/local_setup.bash'
[2.924s] INFO:colcon.colcon_core.shell:Creating prefix chain script '/home/nimrod/robot_arm/install/setup.bash'
[2.929s] INFO:colcon.colcon_core.shell:Creating prefix script '/home/nimrod/robot_arm/install/local_setup.zsh'
[2.930s] INFO:colcon.colcon_core.shell:Creating prefix chain script '/home/nimrod/robot_arm/install/setup.zsh'
