[0.027s] Invoking command in '/home/nimrod/robot_arm/src/robot_arm/build/robot_arm': CMAKE_PREFIX_PATH=${CMAKE_PREFIX_PATH}:/opt/ros/jazzy DEBUGINFOD_URLS=https://debuginfod.ubuntu.com /usr/bin/cmake --build /home/nimrod/robot_arm/src/robot_arm/build/robot_arm -- -j4 -l4
[0.123s] Invoked command in '/home/nimrod/robot_arm/src/robot_arm/build/robot_arm' returned '0': CMAKE_PREFIX_PATH=${CMAKE_PREFIX_PATH}:/opt/ros/jazzy DEBUGINFOD_URLS=https://debuginfod.ubuntu.com /usr/bin/cmake --build /home/nimrod/robot_arm/src/robot_arm/build/robot_arm -- -j4 -l4
[0.147s] Invoking command in '/home/nimrod/robot_arm/src/robot_arm/build/robot_arm': CMAKE_PREFIX_PATH=${CMAKE_PREFIX_PATH}:/opt/ros/jazzy DEBUGINFOD_URLS=https://debuginfod.ubuntu.com /usr/bin/cmake --install /home/nimrod/robot_arm/src/robot_arm/build/robot_arm
[0.168s] -- Install configuration: ""
[0.168s] -- Up-to-date: /home/nimrod/robot_arm/src/robot_arm/install/robot_arm/share/robot_arm//urdf
[0.169s] -- Installing: /home/nimrod/robot_arm/src/robot_arm/install/robot_arm/share/robot_arm//urdf/robot_arm.urdf.xacro
[0.169s] -- Up-to-date: /home/nimrod/robot_arm/src/robot_arm/install/robot_arm/share/robot_arm//launch
[0.170s] -- Up-to-date: /home/nimrod/robot_arm/src/robot_arm/install/robot_arm/share/robot_arm//launch/display.launch.xml
[0.170s] -- Up-to-date: /home/nimrod/robot_arm/src/robot_arm/install/robot_arm/share/ament_index/resource_index/package_run_dependencies/robot_arm
[0.170s] -- Up-to-date: /home/nimrod/robot_arm/src/robot_arm/install/robot_arm/share/ament_index/resource_index/parent_prefix_path/robot_arm
[0.171s] -- Up-to-date: /home/nimrod/robot_arm/src/robot_arm/install/robot_arm/share/robot_arm/environment/ament_prefix_path.sh
[0.171s] -- Up-to-date: /home/nimrod/robot_arm/src/robot_arm/install/robot_arm/share/robot_arm/environment/ament_prefix_path.dsv
[0.171s] -- Up-to-date: /home/nimrod/robot_arm/src/robot_arm/install/robot_arm/share/robot_arm/environment/path.sh
[0.171s] -- Up-to-date: /home/nimrod/robot_arm/src/robot_arm/install/robot_arm/share/robot_arm/environment/path.dsv
[0.171s] -- Up-to-date: /home/nimrod/robot_arm/src/robot_arm/install/robot_arm/share/robot_arm/local_setup.bash
[0.171s] -- Up-to-date: /home/nimrod/robot_arm/src/robot_arm/install/robot_arm/share/robot_arm/local_setup.sh
[0.172s] -- Up-to-date: /home/nimrod/robot_arm/src/robot_arm/install/robot_arm/share/robot_arm/local_setup.zsh
[0.172s] -- Up-to-date: /home/nimrod/robot_arm/src/robot_arm/install/robot_arm/share/robot_arm/local_setup.dsv
[0.172s] -- Up-to-date: /home/nimrod/robot_arm/src/robot_arm/install/robot_arm/share/robot_arm/package.dsv
[0.172s] -- Up-to-date: /home/nimrod/robot_arm/src/robot_arm/install/robot_arm/share/ament_index/resource_index/packages/robot_arm
[0.172s] -- Up-to-date: /home/nimrod/robot_arm/src/robot_arm/install/robot_arm/share/robot_arm/cmake/robot_armConfig.cmake
[0.172s] -- Up-to-date: /home/nimrod/robot_arm/src/robot_arm/install/robot_arm/share/robot_arm/cmake/robot_armConfig-version.cmake
[0.172s] -- Up-to-date: /home/nimrod/robot_arm/src/robot_arm/install/robot_arm/share/robot_arm/package.xml
[0.175s] Invoked command in '/home/nimrod/robot_arm/src/robot_arm/build/robot_arm' returned '0': CMAKE_PREFIX_PATH=${CMAKE_PREFIX_PATH}:/opt/ros/jazzy DEBUGINFOD_URLS=https://debuginfod.ubuntu.com /usr/bin/cmake --install /home/nimrod/robot_arm/src/robot_arm/build/robot_arm
