[0.026s] Invoking command in '/home/nimrod/robot_arm/build/robot_arm': CMAKE_PREFIX_PATH=${CMAKE_PREFIX_PATH}:/opt/ros/jazzy DEBUGINFOD_URLS=https://debuginfod.ubuntu.com /usr/bin/cmake /home/nimrod/robot_arm/src/robot_arm -DCMAKE_INSTALL_PREFIX=/home/nimrod/robot_arm/install/robot_arm
[0.150s] -- The C compiler identification is GNU 13.3.0
[0.361s] -- The CXX compiler identification is GNU 13.3.0
[0.454s] -- Detecting C compiler ABI info
[0.755s] -- Detecting C compiler ABI info - done
[0.777s] -- Check for working C compiler: /usr/bin/cc - skipped
[0.778s] -- Detecting C compile features
[0.779s] -- Detecting C compile features - done
[0.800s] -- Detecting CXX compiler ABI info
[1.203s] -- Detecting CXX compiler ABI info - done
[1.253s] -- Check for working CXX compiler: /usr/bin/c++ - skipped
[1.258s] -- Detecting CXX compile features
[1.260s] -- Detecting CXX compile features - done
[1.275s] -- Found ament_cmake: 2.5.3 (/opt/ros/jazzy/share/ament_cmake/cmake)
[1.629s] -- Found Python3: /usr/bin/python3 (found version "3.12.3") found components: Interpreter 
[2.121s] -- Configuring done (2.1s)
[2.128s] -- Generating done (0.0s)
[2.133s] -- Build files have been written to: /home/nimrod/robot_arm/build/robot_arm
[2.143s] Invoked command in '/home/nimrod/robot_arm/build/robot_arm' returned '0': CMAKE_PREFIX_PATH=${CMAKE_PREFIX_PATH}:/opt/ros/jazzy DEBUGINFOD_URLS=https://debuginfod.ubuntu.com /usr/bin/cmake /home/nimrod/robot_arm/src/robot_arm -DCMAKE_INSTALL_PREFIX=/home/nimrod/robot_arm/install/robot_arm
[2.145s] Invoking command in '/home/nimrod/robot_arm/build/robot_arm': CMAKE_PREFIX_PATH=${CMAKE_PREFIX_PATH}:/opt/ros/jazzy DEBUGINFOD_URLS=https://debuginfod.ubuntu.com /usr/bin/cmake --build /home/nimrod/robot_arm/build/robot_arm -- -j4 -l4
[2.233s] Invoked command in '/home/nimrod/robot_arm/build/robot_arm' returned '0': CMAKE_PREFIX_PATH=${CMAKE_PREFIX_PATH}:/opt/ros/jazzy DEBUGINFOD_URLS=https://debuginfod.ubuntu.com /usr/bin/cmake --build /home/nimrod/robot_arm/build/robot_arm -- -j4 -l4
[2.255s] Invoking command in '/home/nimrod/robot_arm/build/robot_arm': CMAKE_PREFIX_PATH=${CMAKE_PREFIX_PATH}:/opt/ros/jazzy DEBUGINFOD_URLS=https://debuginfod.ubuntu.com /usr/bin/cmake --install /home/nimrod/robot_arm/build/robot_arm
[2.273s] -- Install configuration: ""
[2.273s] -- Installing: /home/nimrod/robot_arm/install/robot_arm/share/robot_arm//urdf
[2.274s] -- Installing: /home/nimrod/robot_arm/install/robot_arm/share/robot_arm//urdf/robot_arm.urdf.xacro
[2.274s] -- Installing: /home/nimrod/robot_arm/install/robot_arm/share/robot_arm//launch
[2.274s] -- Installing: /home/nimrod/robot_arm/install/robot_arm/share/robot_arm//launch/display.launch.xml
[2.275s] -- Installing: /home/nimrod/robot_arm/install/robot_arm/share/ament_index/resource_index/package_run_dependencies/robot_arm
[2.275s] -- Installing: /home/nimrod/robot_arm/install/robot_arm/share/ament_index/resource_index/parent_prefix_path/robot_arm
[2.276s] -- Installing: /home/nimrod/robot_arm/install/robot_arm/share/robot_arm/environment/ament_prefix_path.sh
[2.276s] -- Installing: /home/nimrod/robot_arm/install/robot_arm/share/robot_arm/environment/ament_prefix_path.dsv
[2.277s] -- Installing: /home/nimrod/robot_arm/install/robot_arm/share/robot_arm/environment/path.sh
[2.277s] -- Installing: /home/nimrod/robot_arm/install/robot_arm/share/robot_arm/environment/path.dsv
[2.278s] -- Installing: /home/nimrod/robot_arm/install/robot_arm/share/robot_arm/local_setup.bash
[2.278s] -- Installing: /home/nimrod/robot_arm/install/robot_arm/share/robot_arm/local_setup.sh
[2.278s] -- Installing: /home/nimrod/robot_arm/install/robot_arm/share/robot_arm/local_setup.zsh
[2.279s] -- Installing: /home/nimrod/robot_arm/install/robot_arm/share/robot_arm/local_setup.dsv
[2.279s] -- Installing: /home/nimrod/robot_arm/install/robot_arm/share/robot_arm/package.dsv
[2.280s] -- Installing: /home/nimrod/robot_arm/install/robot_arm/share/ament_index/resource_index/packages/robot_arm
[2.280s] -- Installing: /home/nimrod/robot_arm/install/robot_arm/share/robot_arm/cmake/robot_armConfig.cmake
[2.280s] -- Installing: /home/nimrod/robot_arm/install/robot_arm/share/robot_arm/cmake/robot_armConfig-version.cmake
[2.281s] -- Installing: /home/nimrod/robot_arm/install/robot_arm/share/robot_arm/package.xml
[2.289s] Invoked command in '/home/nimrod/robot_arm/build/robot_arm' returned '0': CMAKE_PREFIX_PATH=${CMAKE_PREFIX_PATH}:/opt/ros/jazzy DEBUGINFOD_URLS=https://debuginfod.ubuntu.com /usr/bin/cmake --install /home/nimrod/robot_arm/build/robot_arm
