[0.375s] DEBUG:colcon:Command line arguments: ['/usr/bin/colcon', 'build']
[0.375s] DEBUG:colcon:Parsed command line arguments: Namespace(log_base=None, log_level=None, verb_name='build', build_base='build', install_base='install', merge_install=False, symlink_install=False, test_result_base=None, continue_on_error=False, executor='parallel', parallel_workers=4, event_handlers=None, ignore_user_meta=False, metas=['./colcon.meta'], base_paths=['.'], packages_ignore=None, packages_ignore_regex=None, paths=None, packages_up_to=None, packages_up_to_regex=None, packages_above=None, packages_above_and_dependencies=None, packages_above_depth=None, packages_select_by_dep=None, packages_skip_by_dep=None, packages_skip_up_to=None, packages_select_build_failed=False, packages_skip_build_finished=False, packages_select_test_failures=False, packages_skip_test_passed=False, packages_select=None, packages_skip=None, packages_select_regex=None, packages_skip_regex=None, packages_start=None, packages_end=None, allow_overriding=[], cmake_args=None, cmake_target=None, cmake_target_skip_unavailable=False, cmake_clean_cache=False, cmake_clean_first=False, cmake_force_configure=False, ament_cmake_args=None, catkin_cmake_args=None, catkin_skip_building_tests=False, mixin_files=None, mixin=None, verb_parser=<colcon_mixin.mixin.mixin_argument.MixinArgumentDecorator object at 0x721300ca11f0>, verb_extension=<colcon_core.verb.build.BuildVerb object at 0x721300ca0f80>, main=<bound method BuildVerb.main of <colcon_core.verb.build.BuildVerb object at 0x721300ca0f80>>, mixin_verb=('build',))
[0.465s] Level 1:colcon.colcon_core.package_discovery:discover_packages(colcon_meta) check parameters
[0.465s] Level 1:colcon.colcon_core.package_discovery:discover_packages(recursive) check parameters
[0.465s] Level 1:colcon.colcon_core.package_discovery:discover_packages(ignore) check parameters
[0.465s] Level 1:colcon.colcon_core.package_discovery:discover_packages(path) check parameters
[0.465s] Level 1:colcon.colcon_core.package_discovery:discover_packages(colcon_meta) discover
[0.466s] Level 1:colcon.colcon_core.package_discovery:discover_packages(recursive) discover
[0.466s] INFO:colcon.colcon_core.package_discovery:Crawling recursively for packages in '/home/nimrod/robot_arm'
[0.466s] Level 1:colcon.colcon_core.package_identification:_identify(.) by extensions ['ignore', 'ignore_ament_install']
[0.466s] Level 1:colcon.colcon_core.package_identification:_identify(.) by extension 'ignore'
[0.466s] Level 1:colcon.colcon_core.package_identification:_identify(.) by extension 'ignore_ament_install'
[0.467s] Level 1:colcon.colcon_core.package_identification:_identify(.) by extensions ['colcon_pkg']
[0.467s] Level 1:colcon.colcon_core.package_identification:_identify(.) by extension 'colcon_pkg'
[0.467s] Level 1:colcon.colcon_core.package_identification:_identify(.) by extensions ['colcon_meta']
[0.467s] Level 1:colcon.colcon_core.package_identification:_identify(.) by extension 'colcon_meta'
[0.467s] Level 1:colcon.colcon_core.package_identification:_identify(.) by extensions ['ros']
[0.467s] Level 1:colcon.colcon_core.package_identification:_identify(.) by extension 'ros'
[0.531s] Level 1:colcon.colcon_core.package_identification:_identify(.) by extensions ['cmake', 'python']
[0.531s] Level 1:colcon.colcon_core.package_identification:_identify(.) by extension 'cmake'
[0.531s] Level 1:colcon.colcon_core.package_identification:_identify(.) by extension 'python'
[0.531s] Level 1:colcon.colcon_core.package_identification:_identify(.) by extensions ['python_setup_py']
[0.531s] Level 1:colcon.colcon_core.package_identification:_identify(.) by extension 'python_setup_py'
[0.531s] Level 1:colcon.colcon_core.package_identification:_identify(build) by extensions ['ignore', 'ignore_ament_install']
[0.531s] Level 1:colcon.colcon_core.package_identification:_identify(build) by extension 'ignore'
[0.532s] Level 1:colcon.colcon_core.package_identification:_identify(build) ignored
[0.532s] Level 1:colcon.colcon_core.package_identification:_identify(install) by extensions ['ignore', 'ignore_ament_install']
[0.532s] Level 1:colcon.colcon_core.package_identification:_identify(install) by extension 'ignore'
[0.532s] Level 1:colcon.colcon_core.package_identification:_identify(install) ignored
[0.532s] Level 1:colcon.colcon_core.package_identification:_identify(log) by extensions ['ignore', 'ignore_ament_install']
[0.533s] Level 1:colcon.colcon_core.package_identification:_identify(log) by extension 'ignore'
[0.533s] Level 1:colcon.colcon_core.package_identification:_identify(log) ignored
[0.533s] Level 1:colcon.colcon_core.package_identification:_identify(src) by extensions ['ignore', 'ignore_ament_install']
[0.533s] Level 1:colcon.colcon_core.package_identification:_identify(src) by extension 'ignore'
[0.533s] Level 1:colcon.colcon_core.package_identification:_identify(src) by extension 'ignore_ament_install'
[0.533s] Level 1:colcon.colcon_core.package_identification:_identify(src) by extensions ['colcon_pkg']
[0.534s] Level 1:colcon.colcon_core.package_identification:_identify(src) by extension 'colcon_pkg'
[0.534s] Level 1:colcon.colcon_core.package_identification:_identify(src) by extensions ['colcon_meta']
[0.534s] Level 1:colcon.colcon_core.package_identification:_identify(src) by extension 'colcon_meta'
[0.534s] Level 1:colcon.colcon_core.package_identification:_identify(src) by extensions ['ros']
[0.534s] Level 1:colcon.colcon_core.package_identification:_identify(src) by extension 'ros'
[0.534s] Level 1:colcon.colcon_core.package_identification:_identify(src) by extensions ['cmake', 'python']
[0.534s] Level 1:colcon.colcon_core.package_identification:_identify(src) by extension 'cmake'
[0.534s] Level 1:colcon.colcon_core.package_identification:_identify(src) by extension 'python'
[0.534s] Level 1:colcon.colcon_core.package_identification:_identify(src) by extensions ['python_setup_py']
[0.534s] Level 1:colcon.colcon_core.package_identification:_identify(src) by extension 'python_setup_py'
[0.535s] Level 1:colcon.colcon_core.package_identification:_identify(src/robot_arm) by extensions ['ignore', 'ignore_ament_install']
[0.535s] Level 1:colcon.colcon_core.package_identification:_identify(src/robot_arm) by extension 'ignore'
[0.535s] Level 1:colcon.colcon_core.package_identification:_identify(src/robot_arm) by extension 'ignore_ament_install'
[0.535s] Level 1:colcon.colcon_core.package_identification:_identify(src/robot_arm) by extensions ['colcon_pkg']
[0.535s] Level 1:colcon.colcon_core.package_identification:_identify(src/robot_arm) by extension 'colcon_pkg'
[0.535s] Level 1:colcon.colcon_core.package_identification:_identify(src/robot_arm) by extensions ['colcon_meta']
[0.535s] Level 1:colcon.colcon_core.package_identification:_identify(src/robot_arm) by extension 'colcon_meta'
[0.535s] Level 1:colcon.colcon_core.package_identification:_identify(src/robot_arm) by extensions ['ros']
[0.536s] Level 1:colcon.colcon_core.package_identification:_identify(src/robot_arm) by extension 'ros'
[0.542s] DEBUG:colcon.colcon_core.package_identification:Package 'src/robot_arm' with type 'ros.ament_cmake' and name 'robot_arm'
[0.542s] Level 1:colcon.colcon_core.package_discovery:discover_packages(recursive) using defaults
[0.542s] Level 1:colcon.colcon_core.package_discovery:discover_packages(ignore) discover
[0.542s] Level 1:colcon.colcon_core.package_discovery:discover_packages(ignore) using defaults
[0.543s] Level 1:colcon.colcon_core.package_discovery:discover_packages(path) discover
[0.543s] Level 1:colcon.colcon_core.package_discovery:discover_packages(path) using defaults
[0.578s] Level 1:colcon.colcon_core.package_discovery:discover_packages(prefix_path) check parameters
[0.578s] Level 1:colcon.colcon_core.package_discovery:discover_packages(prefix_path) discover
[0.583s] DEBUG:colcon.colcon_installed_package_information.package_discovery:Found 1 installed packages in /home/nimrod/ws_1/install
[0.588s] DEBUG:colcon.colcon_installed_package_information.package_discovery:Found 386 installed packages in /opt/ros/jazzy
[0.591s] Level 1:colcon.colcon_core.package_discovery:discover_packages(prefix_path) using defaults
[0.712s] Level 5:colcon.colcon_core.verb:set package 'robot_arm' build argument 'cmake_args' from command line to 'None'
[0.712s] Level 5:colcon.colcon_core.verb:set package 'robot_arm' build argument 'cmake_target' from command line to 'None'
[0.712s] Level 5:colcon.colcon_core.verb:set package 'robot_arm' build argument 'cmake_target_skip_unavailable' from command line to 'False'
[0.712s] Level 5:colcon.colcon_core.verb:set package 'robot_arm' build argument 'cmake_clean_cache' from command line to 'False'
[0.712s] Level 5:colcon.colcon_core.verb:set package 'robot_arm' build argument 'cmake_clean_first' from command line to 'False'
[0.712s] Level 5:colcon.colcon_core.verb:set package 'robot_arm' build argument 'cmake_force_configure' from command line to 'False'
[0.713s] Level 5:colcon.colcon_core.verb:set package 'robot_arm' build argument 'ament_cmake_args' from command line to 'None'
[0.713s] Level 5:colcon.colcon_core.verb:set package 'robot_arm' build argument 'catkin_cmake_args' from command line to 'None'
[0.713s] Level 5:colcon.colcon_core.verb:set package 'robot_arm' build argument 'catkin_skip_building_tests' from command line to 'False'
[0.713s] DEBUG:colcon.colcon_core.verb:Building package 'robot_arm' with the following arguments: {'ament_cmake_args': None, 'build_base': '/home/nimrod/robot_arm/build/robot_arm', 'catkin_cmake_args': None, 'catkin_skip_building_tests': False, 'cmake_args': None, 'cmake_clean_cache': False, 'cmake_clean_first': False, 'cmake_force_configure': False, 'cmake_target': None, 'cmake_target_skip_unavailable': False, 'install_base': '/home/nimrod/robot_arm/install/robot_arm', 'merge_install': False, 'path': '/home/nimrod/robot_arm/src/robot_arm', 'symlink_install': False, 'test_result_base': None}
[0.713s] INFO:colcon.colcon_core.executor:Executing jobs using 'parallel' executor
[0.714s] DEBUG:colcon.colcon_parallel_executor.executor.parallel:run_until_complete
[0.715s] INFO:colcon.colcon_ros.task.ament_cmake.build:Building ROS package in '/home/nimrod/robot_arm/src/robot_arm' with build type 'ament_cmake'
[0.715s] INFO:colcon.colcon_cmake.task.cmake.build:Building CMake package in '/home/nimrod/robot_arm/src/robot_arm'
[0.724s] INFO:colcon.colcon_core.plugin_system:Skipping extension 'colcon_core.shell.bat': Not used on non-Windows systems
[0.725s] INFO:colcon.colcon_core.shell:Skip shell extension 'powershell' for command environment: Not usable outside of PowerShell
[0.726s] DEBUG:colcon.colcon_core.shell:Skip shell extension 'dsv' for command environment
[0.747s] DEBUG:colcon.colcon_core.event_handler.log_command:Invoking command in '/home/nimrod/robot_arm/build/robot_arm': CMAKE_PREFIX_PATH=${CMAKE_PREFIX_PATH}:/opt/ros/jazzy DEBUGINFOD_URLS=https://debuginfod.ubuntu.com /usr/bin/cmake /home/nimrod/robot_arm/src/robot_arm -DCMAKE_INSTALL_PREFIX=/home/nimrod/robot_arm/install/robot_arm
[7.062s] DEBUG:colcon.colcon_core.event_handler.log_command:Invoked command in '/home/nimrod/robot_arm/build/robot_arm' returned '0': CMAKE_PREFIX_PATH=${CMAKE_PREFIX_PATH}:/opt/ros/jazzy DEBUGINFOD_URLS=https://debuginfod.ubuntu.com /usr/bin/cmake /home/nimrod/robot_arm/src/robot_arm -DCMAKE_INSTALL_PREFIX=/home/nimrod/robot_arm/install/robot_arm
[7.065s] DEBUG:colcon.colcon_core.event_handler.log_command:Invoking command in '/home/nimrod/robot_arm/build/robot_arm': CMAKE_PREFIX_PATH=${CMAKE_PREFIX_PATH}:/opt/ros/jazzy DEBUGINFOD_URLS=https://debuginfod.ubuntu.com /usr/bin/cmake --build /home/nimrod/robot_arm/build/robot_arm -- -j4 -l4
[7.160s] DEBUG:colcon.colcon_core.event_handler.log_command:Invoked command in '/home/nimrod/robot_arm/build/robot_arm' returned '0': CMAKE_PREFIX_PATH=${CMAKE_PREFIX_PATH}:/opt/ros/jazzy DEBUGINFOD_URLS=https://debuginfod.ubuntu.com /usr/bin/cmake --build /home/nimrod/robot_arm/build/robot_arm -- -j4 -l4
[7.186s] DEBUG:colcon.colcon_core.event_handler.log_command:Invoking command in '/home/nimrod/robot_arm/build/robot_arm': CMAKE_PREFIX_PATH=${CMAKE_PREFIX_PATH}:/opt/ros/jazzy DEBUGINFOD_URLS=https://debuginfod.ubuntu.com /usr/bin/cmake --install /home/nimrod/robot_arm/build/robot_arm
[7.220s] Level 1:colcon.colcon_core.environment:create_environment_scripts_only(robot_arm)
[7.222s] DEBUG:colcon.colcon_core.event_handler.log_command:Invoked command in '/home/nimrod/robot_arm/build/robot_arm' returned '0': CMAKE_PREFIX_PATH=${CMAKE_PREFIX_PATH}:/opt/ros/jazzy DEBUGINFOD_URLS=https://debuginfod.ubuntu.com /usr/bin/cmake --install /home/nimrod/robot_arm/build/robot_arm
[7.230s] Level 1:colcon.colcon_core.environment:checking '/home/nimrod/robot_arm/install/robot_arm' for CMake module files
[7.231s] Level 1:colcon.colcon_core.environment:checking '/home/nimrod/robot_arm/install/robot_arm' for CMake config files
[7.232s] Level 1:colcon.colcon_core.shell:create_environment_hook('robot_arm', 'cmake_prefix_path')
[7.232s] INFO:colcon.colcon_core.shell:Creating environment hook '/home/nimrod/robot_arm/install/robot_arm/share/robot_arm/hook/cmake_prefix_path.ps1'
[7.234s] INFO:colcon.colcon_core.shell:Creating environment descriptor '/home/nimrod/robot_arm/install/robot_arm/share/robot_arm/hook/cmake_prefix_path.dsv'
[7.235s] INFO:colcon.colcon_core.shell:Creating environment hook '/home/nimrod/robot_arm/install/robot_arm/share/robot_arm/hook/cmake_prefix_path.sh'
[7.236s] Level 1:colcon.colcon_core.environment:checking '/home/nimrod/robot_arm/install/robot_arm/bin'
[7.237s] Level 1:colcon.colcon_core.environment:checking '/home/nimrod/robot_arm/install/robot_arm/lib/pkgconfig/robot_arm.pc'
[7.237s] Level 1:colcon.colcon_core.environment:checking '/home/nimrod/robot_arm/install/robot_arm/lib/python3.12/site-packages'
[7.238s] Level 1:colcon.colcon_core.environment:checking '/home/nimrod/robot_arm/install/robot_arm/bin'
[7.238s] INFO:colcon.colcon_core.shell:Creating package script '/home/nimrod/robot_arm/install/robot_arm/share/robot_arm/package.ps1'
[7.240s] INFO:colcon.colcon_core.shell:Creating package descriptor '/home/nimrod/robot_arm/install/robot_arm/share/robot_arm/package.dsv'
[7.241s] INFO:colcon.colcon_core.shell:Creating package script '/home/nimrod/robot_arm/install/robot_arm/share/robot_arm/package.sh'
[7.242s] INFO:colcon.colcon_core.shell:Creating package script '/home/nimrod/robot_arm/install/robot_arm/share/robot_arm/package.bash'
[7.244s] INFO:colcon.colcon_core.shell:Creating package script '/home/nimrod/robot_arm/install/robot_arm/share/robot_arm/package.zsh'
[7.245s] Level 1:colcon.colcon_core.environment:create_file_with_runtime_dependencies(/home/nimrod/robot_arm/install/robot_arm/share/colcon-core/packages/robot_arm)
[7.246s] Level 1:colcon.colcon_core.environment:create_environment_scripts_only(robot_arm)
[7.247s] Level 1:colcon.colcon_core.environment:checking '/home/nimrod/robot_arm/install/robot_arm' for CMake module files
[7.248s] Level 1:colcon.colcon_core.environment:checking '/home/nimrod/robot_arm/install/robot_arm' for CMake config files
[7.248s] Level 1:colcon.colcon_core.shell:create_environment_hook('robot_arm', 'cmake_prefix_path')
[7.249s] INFO:colcon.colcon_core.shell:Creating environment hook '/home/nimrod/robot_arm/install/robot_arm/share/robot_arm/hook/cmake_prefix_path.ps1'
[7.250s] INFO:colcon.colcon_core.shell:Creating environment descriptor '/home/nimrod/robot_arm/install/robot_arm/share/robot_arm/hook/cmake_prefix_path.dsv'
[7.250s] INFO:colcon.colcon_core.shell:Creating environment hook '/home/nimrod/robot_arm/install/robot_arm/share/robot_arm/hook/cmake_prefix_path.sh'
[7.252s] Level 1:colcon.colcon_core.environment:checking '/home/nimrod/robot_arm/install/robot_arm/bin'
[7.252s] Level 1:colcon.colcon_core.environment:checking '/home/nimrod/robot_arm/install/robot_arm/lib/pkgconfig/robot_arm.pc'
[7.252s] Level 1:colcon.colcon_core.environment:checking '/home/nimrod/robot_arm/install/robot_arm/lib/python3.12/site-packages'
[7.253s] Level 1:colcon.colcon_core.environment:checking '/home/nimrod/robot_arm/install/robot_arm/bin'
[7.253s] INFO:colcon.colcon_core.shell:Creating package script '/home/nimrod/robot_arm/install/robot_arm/share/robot_arm/package.ps1'
[7.254s] INFO:colcon.colcon_core.shell:Creating package descriptor '/home/nimrod/robot_arm/install/robot_arm/share/robot_arm/package.dsv'
[7.255s] INFO:colcon.colcon_core.shell:Creating package script '/home/nimrod/robot_arm/install/robot_arm/share/robot_arm/package.sh'
[7.256s] INFO:colcon.colcon_core.shell:Creating package script '/home/nimrod/robot_arm/install/robot_arm/share/robot_arm/package.bash'
[7.257s] INFO:colcon.colcon_core.shell:Creating package script '/home/nimrod/robot_arm/install/robot_arm/share/robot_arm/package.zsh'
[7.258s] Level 1:colcon.colcon_core.environment:create_file_with_runtime_dependencies(/home/nimrod/robot_arm/install/robot_arm/share/colcon-core/packages/robot_arm)
[7.258s] DEBUG:colcon.colcon_parallel_executor.executor.parallel:closing loop
[7.259s] DEBUG:colcon.colcon_parallel_executor.executor.parallel:loop closed
[7.259s] DEBUG:colcon.colcon_parallel_executor.executor.parallel:run_until_complete finished with '0'
[7.260s] DEBUG:colcon.colcon_core.event_reactor:joining thread
[7.279s] INFO:colcon.colcon_core.plugin_system:Skipping extension 'colcon_notification.desktop_notification.terminal_notifier': Not used on non-Darwin systems
[7.279s] INFO:colcon.colcon_core.plugin_system:Skipping extension 'colcon_notification.desktop_notification.win32': Not used on non-Windows systems
[7.280s] INFO:colcon.colcon_notification.desktop_notification:Sending desktop notification using 'notify2'
[7.338s] DEBUG:colcon.colcon_core.event_reactor:joined thread
[7.339s] INFO:colcon.colcon_core.shell:Creating prefix script '/home/nimrod/robot_arm/install/local_setup.ps1'
[7.342s] INFO:colcon.colcon_core.shell:Creating prefix util module '/home/nimrod/robot_arm/install/_local_setup_util_ps1.py'
[7.346s] INFO:colcon.colcon_core.shell:Creating prefix chain script '/home/nimrod/robot_arm/install/setup.ps1'
[7.349s] INFO:colcon.colcon_core.shell:Creating prefix script '/home/nimrod/robot_arm/install/local_setup.sh'
[7.350s] INFO:colcon.colcon_core.shell:Creating prefix util module '/home/nimrod/robot_arm/install/_local_setup_util_sh.py'
[7.352s] INFO:colcon.colcon_core.shell:Creating prefix chain script '/home/nimrod/robot_arm/install/setup.sh'
[7.355s] INFO:colcon.colcon_core.shell:Creating prefix script '/home/nimrod/robot_arm/install/local_setup.bash'
[7.356s] INFO:colcon.colcon_core.shell:Creating prefix chain script '/home/nimrod/robot_arm/install/setup.bash'
[7.359s] INFO:colcon.colcon_core.shell:Creating prefix script '/home/nimrod/robot_arm/install/local_setup.zsh'
[7.360s] INFO:colcon.colcon_core.shell:Creating prefix chain script '/home/nimrod/robot_arm/install/setup.zsh'
