[0.017s] Invoking command in '/home/nimrod/robot_arm/build/robot_arm': CMAKE_PREFIX_PATH=${CMAKE_PREFIX_PATH}:/opt/ros/jazzy DEBUGINFOD_URLS=https://debuginfod.ubuntu.com /usr/bin/cmake /home/nimrod/robot_arm/src/robot_arm -DCMAKE_INSTALL_PREFIX=/home/nimrod/robot_arm/install/robot_arm
[0.095s] -- The C compiler identification is GNU 13.3.0
[0.176s] -- The CXX compiler identification is GNU 13.3.0
[0.197s] -- Detecting C compiler ABI info
[0.326s] -- Detecting C compiler ABI info - done
[0.341s] -- Check for working C compiler: /usr/bin/cc - skipped
[0.342s] -- Detecting C compile features
[0.344s] -- Detecting C compile features - done
[0.356s] -- Detecting CXX compiler ABI info
[0.525s] -- Detecting CXX compiler ABI info - done
[0.543s] -- Check for working CXX compiler: /usr/bin/c++ - skipped
[0.543s] -- Detecting CXX compile features
[0.544s] -- Detecting CXX compile features - done
[0.552s] -- Found ament_cmake: 2.5.3 (/opt/ros/jazzy/share/ament_cmake/cmake)
[0.769s] -- Found Python3: /usr/bin/python3 (found version "3.12.3") found components: Interpreter 
[1.052s] -- Configuring done (1.0s)
[1.057s] -- Generating done (0.0s)
[1.059s] -- Build files have been written to: /home/nimrod/robot_arm/build/robot_arm
[1.066s] Invoked command in '/home/nimrod/robot_arm/build/robot_arm' returned '0': CMAKE_PREFIX_PATH=${CMAKE_PREFIX_PATH}:/opt/ros/jazzy DEBUGINFOD_URLS=https://debuginfod.ubuntu.com /usr/bin/cmake /home/nimrod/robot_arm/src/robot_arm -DCMAKE_INSTALL_PREFIX=/home/nimrod/robot_arm/install/robot_arm
[1.069s] Invoking command in '/home/nimrod/robot_arm/build/robot_arm': CMAKE_PREFIX_PATH=${CMAKE_PREFIX_PATH}:/opt/ros/jazzy DEBUGINFOD_URLS=https://debuginfod.ubuntu.com /usr/bin/cmake --build /home/nimrod/robot_arm/build/robot_arm -- -j4 -l4
[1.129s] Invoked command in '/home/nimrod/robot_arm/build/robot_arm' returned '0': CMAKE_PREFIX_PATH=${CMAKE_PREFIX_PATH}:/opt/ros/jazzy DEBUGINFOD_URLS=https://debuginfod.ubuntu.com /usr/bin/cmake --build /home/nimrod/robot_arm/build/robot_arm -- -j4 -l4
[1.144s] Invoking command in '/home/nimrod/robot_arm/build/robot_arm': CMAKE_PREFIX_PATH=${CMAKE_PREFIX_PATH}:/opt/ros/jazzy DEBUGINFOD_URLS=https://debuginfod.ubuntu.com /usr/bin/cmake --install /home/nimrod/robot_arm/build/robot_arm
[1.156s] -- Install configuration: ""
[1.157s] -- Installing: /home/nimrod/robot_arm/install/robot_arm/share/robot_arm//urdf
[1.157s] -- Installing: /home/nimrod/robot_arm/install/robot_arm/share/robot_arm//urdf/robot_arm.urdf.xacro
[1.157s] -- Installing: /home/nimrod/robot_arm/install/robot_arm/share/robot_arm//launch
[1.157s] -- Installing: /home/nimrod/robot_arm/install/robot_arm/share/robot_arm//launch/display.launch.xml
[1.158s] -- Installing: /home/nimrod/robot_arm/install/robot_arm/share/ament_index/resource_index/package_run_dependencies/robot_arm
[1.158s] -- Installing: /home/nimrod/robot_arm/install/robot_arm/share/ament_index/resource_index/parent_prefix_path/robot_arm
[1.158s] -- Installing: /home/nimrod/robot_arm/install/robot_arm/share/robot_arm/environment/ament_prefix_path.sh
[1.159s] -- Installing: /home/nimrod/robot_arm/install/robot_arm/share/robot_arm/environment/ament_prefix_path.dsv
[1.159s] -- Installing: /home/nimrod/robot_arm/install/robot_arm/share/robot_arm/environment/path.sh
[1.159s] -- Installing: /home/nimrod/robot_arm/install/robot_arm/share/robot_arm/environment/path.dsv
[1.159s] -- Installing: /home/nimrod/robot_arm/install/robot_arm/share/robot_arm/local_setup.bash
[1.160s] -- Installing: /home/nimrod/robot_arm/install/robot_arm/share/robot_arm/local_setup.sh
[1.160s] -- Installing: /home/nimrod/robot_arm/install/robot_arm/share/robot_arm/local_setup.zsh
[1.160s] -- Installing: /home/nimrod/robot_arm/install/robot_arm/share/robot_arm/local_setup.dsv
[1.160s] -- Installing: /home/nimrod/robot_arm/install/robot_arm/share/robot_arm/package.dsv
[1.161s] -- Installing: /home/nimrod/robot_arm/install/robot_arm/share/ament_index/resource_index/packages/robot_arm
[1.161s] -- Installing: /home/nimrod/robot_arm/install/robot_arm/share/robot_arm/cmake/robot_armConfig.cmake
[1.161s] -- Installing: /home/nimrod/robot_arm/install/robot_arm/share/robot_arm/cmake/robot_armConfig-version.cmake
[1.161s] -- Installing: /home/nimrod/robot_arm/install/robot_arm/share/robot_arm/package.xml
[1.164s] Invoked command in '/home/nimrod/robot_arm/build/robot_arm' returned '0': CMAKE_PREFIX_PATH=${CMAKE_PREFIX_PATH}:/opt/ros/jazzy DEBUGINFOD_URLS=https://debuginfod.ubuntu.com /usr/bin/cmake --install /home/nimrod/robot_arm/build/robot_arm
