[0.507s] DEBUG:colcon:Command line arguments: ['/usr/bin/colcon', 'list', '-p', '--base-paths', '/home/nimrod/robot_arm']
[0.507s] DEBUG:colcon:Parsed command line arguments: Namespace(log_base=None, log_level=None, verb_name='list', build_base='build', ignore_user_meta=False, metas=['./colcon.meta'], base_paths=['/home/nimrod/robot_arm'], packages_ignore=None, packages_ignore_regex=None, paths=None, packages_up_to=None, packages_up_to_regex=None, packages_above=None, packages_above_and_dependencies=None, packages_above_depth=None, packages_select_by_dep=None, packages_skip_by_dep=None, packages_skip_up_to=None, packages_select_build_failed=False, packages_skip_build_finished=False, packages_select_test_failures=False, packages_skip_test_passed=False, packages_select=None, packages_skip=None, packages_select_regex=None, packages_skip_regex=None, packages_start=None, packages_end=None, allow_overriding=[], topological_order=False, names_only=False, paths_only=True, topological_graph=False, topological_graph_dot=False, topological_graph_density=False, topological_graph_legend=False, topological_graph_dot_cluster=False, topological_graph_dot_include_skipped=False, mixin_files=None, mixin=None, verb_parser=<colcon_mixin.mixin.mixin_argument.MixinArgumentDecorator object at 0x7e00de5a1cd0>, verb_extension=<colcon_package_information.verb.list.ListVerb object at 0x7e00de5a0d10>, main=<bound method ListVerb.main of <colcon_package_information.verb.list.ListVerb object at 0x7e00de5a0d10>>, mixin_verb=('list',))
[0.635s] Level 1:colcon.colcon_core.package_discovery:discover_packages(colcon_meta) check parameters
[0.636s] Level 1:colcon.colcon_core.package_discovery:discover_packages(recursive) check parameters
[0.636s] Level 1:colcon.colcon_core.package_discovery:discover_packages(ignore) check parameters
[0.636s] Level 1:colcon.colcon_core.package_discovery:discover_packages(path) check parameters
[0.636s] Level 1:colcon.colcon_core.package_discovery:discover_packages(recursive) discover
[0.636s] INFO:colcon.colcon_core.package_discovery:Crawling recursively for packages in '/home/nimrod/robot_arm'
[0.636s] Level 1:colcon.colcon_core.package_identification:_identify(/home/nimrod/robot_arm) by extensions ['ignore', 'ignore_ament_install']
[0.637s] Level 1:colcon.colcon_core.package_identification:_identify(/home/nimrod/robot_arm) by extension 'ignore'
[0.637s] Level 1:colcon.colcon_core.package_identification:_identify(/home/nimrod/robot_arm) by extension 'ignore_ament_install'
[0.637s] Level 1:colcon.colcon_core.package_identification:_identify(/home/nimrod/robot_arm) by extensions ['colcon_pkg']
[0.637s] Level 1:colcon.colcon_core.package_identification:_identify(/home/nimrod/robot_arm) by extension 'colcon_pkg'
[0.637s] Level 1:colcon.colcon_core.package_identification:_identify(/home/nimrod/robot_arm) by extensions ['colcon_meta']
[0.637s] Level 1:colcon.colcon_core.package_identification:_identify(/home/nimrod/robot_arm) by extension 'colcon_meta'
[0.638s] Level 1:colcon.colcon_core.package_identification:_identify(/home/nimrod/robot_arm) by extensions ['ros']
[0.638s] Level 1:colcon.colcon_core.package_identification:_identify(/home/nimrod/robot_arm) by extension 'ros'
[0.707s] Level 1:colcon.colcon_core.package_identification:_identify(/home/nimrod/robot_arm) by extensions ['cmake', 'python']
[0.707s] Level 1:colcon.colcon_core.package_identification:_identify(/home/nimrod/robot_arm) by extension 'cmake'
[0.707s] Level 1:colcon.colcon_core.package_identification:_identify(/home/nimrod/robot_arm) by extension 'python'
[0.707s] Level 1:colcon.colcon_core.package_identification:_identify(/home/nimrod/robot_arm) by extensions ['python_setup_py']
[0.707s] Level 1:colcon.colcon_core.package_identification:_identify(/home/nimrod/robot_arm) by extension 'python_setup_py'
[0.708s] Level 1:colcon.colcon_core.package_identification:_identify(/home/nimrod/robot_arm/log) by extensions ['ignore', 'ignore_ament_install']
[0.708s] Level 1:colcon.colcon_core.package_identification:_identify(/home/nimrod/robot_arm/log) by extension 'ignore'
[0.708s] Level 1:colcon.colcon_core.package_identification:_identify(/home/nimrod/robot_arm/log) ignored
[0.708s] Level 1:colcon.colcon_core.package_identification:_identify(/home/nimrod/robot_arm/src) by extensions ['ignore', 'ignore_ament_install']
[0.709s] Level 1:colcon.colcon_core.package_identification:_identify(/home/nimrod/robot_arm/src) by extension 'ignore'
[0.709s] Level 1:colcon.colcon_core.package_identification:_identify(/home/nimrod/robot_arm/src) by extension 'ignore_ament_install'
[0.709s] Level 1:colcon.colcon_core.package_identification:_identify(/home/nimrod/robot_arm/src) by extensions ['colcon_pkg']
[0.709s] Level 1:colcon.colcon_core.package_identification:_identify(/home/nimrod/robot_arm/src) by extension 'colcon_pkg'
[0.709s] Level 1:colcon.colcon_core.package_identification:_identify(/home/nimrod/robot_arm/src) by extensions ['colcon_meta']
[0.709s] Level 1:colcon.colcon_core.package_identification:_identify(/home/nimrod/robot_arm/src) by extension 'colcon_meta'
[0.709s] Level 1:colcon.colcon_core.package_identification:_identify(/home/nimrod/robot_arm/src) by extensions ['ros']
[0.709s] Level 1:colcon.colcon_core.package_identification:_identify(/home/nimrod/robot_arm/src) by extension 'ros'
[0.710s] Level 1:colcon.colcon_core.package_identification:_identify(/home/nimrod/robot_arm/src) by extensions ['cmake', 'python']
[0.710s] Level 1:colcon.colcon_core.package_identification:_identify(/home/nimrod/robot_arm/src) by extension 'cmake'
[0.710s] Level 1:colcon.colcon_core.package_identification:_identify(/home/nimrod/robot_arm/src) by extension 'python'
[0.710s] Level 1:colcon.colcon_core.package_identification:_identify(/home/nimrod/robot_arm/src) by extensions ['python_setup_py']
[0.710s] Level 1:colcon.colcon_core.package_identification:_identify(/home/nimrod/robot_arm/src) by extension 'python_setup_py'
[0.711s] Level 1:colcon.colcon_core.package_identification:_identify(/home/nimrod/robot_arm/src/robot_arm) by extensions ['ignore', 'ignore_ament_install']
[0.711s] Level 1:colcon.colcon_core.package_identification:_identify(/home/nimrod/robot_arm/src/robot_arm) by extension 'ignore'
[0.711s] Level 1:colcon.colcon_core.package_identification:_identify(/home/nimrod/robot_arm/src/robot_arm) by extension 'ignore_ament_install'
[0.711s] Level 1:colcon.colcon_core.package_identification:_identify(/home/nimrod/robot_arm/src/robot_arm) by extensions ['colcon_pkg']
[0.711s] Level 1:colcon.colcon_core.package_identification:_identify(/home/nimrod/robot_arm/src/robot_arm) by extension 'colcon_pkg'
[0.711s] Level 1:colcon.colcon_core.package_identification:_identify(/home/nimrod/robot_arm/src/robot_arm) by extensions ['colcon_meta']
[0.712s] Level 1:colcon.colcon_core.package_identification:_identify(/home/nimrod/robot_arm/src/robot_arm) by extension 'colcon_meta'
[0.712s] Level 1:colcon.colcon_core.package_identification:_identify(/home/nimrod/robot_arm/src/robot_arm) by extensions ['ros']
[0.712s] Level 1:colcon.colcon_core.package_identification:_identify(/home/nimrod/robot_arm/src/robot_arm) by extension 'ros'
[0.719s] DEBUG:colcon.colcon_core.package_identification:Package '/home/nimrod/robot_arm/src/robot_arm' with type 'ros.ament_cmake' and name 'robot_arm'
[0.719s] Level 1:colcon.colcon_core.package_discovery:discover_packages(recursive) using defaults
