[0.214s] DEBUG:colcon:Command line arguments: ['/usr/bin/colcon', 'build']
[0.215s] DEBUG:colcon:Parsed command line arguments: Namespace(log_base=None, log_level=None, verb_name='build', build_base='build', install_base='install', merge_install=False, symlink_install=False, test_result_base=None, continue_on_error=False, executor='parallel', parallel_workers=4, event_handlers=None, ignore_user_meta=False, metas=['./colcon.meta'], base_paths=['.'], packages_ignore=None, packages_ignore_regex=None, paths=None, packages_up_to=None, packages_up_to_regex=None, packages_above=None, packages_above_and_dependencies=None, packages_above_depth=None, packages_select_by_dep=None, packages_skip_by_dep=None, packages_skip_up_to=None, packages_select_build_failed=False, packages_skip_build_finished=False, packages_select_test_failures=False, packages_skip_test_passed=False, packages_select=None, packages_skip=None, packages_select_regex=None, packages_skip_regex=None, packages_start=None, packages_end=None, allow_overriding=[], cmake_args=None, cmake_target=None, cmake_target_skip_unavailable=False, cmake_clean_cache=False, cmake_clean_first=False, cmake_force_configure=False, ament_cmake_args=None, catkin_cmake_args=None, catkin_skip_building_tests=False, mixin_files=None, mixin=None, verb_parser=<colcon_mixin.mixin.mixin_argument.MixinArgumentDecorator object at 0x75dc5339d160>, verb_extension=<colcon_core.verb.build.BuildVerb object at 0x75dc5339ce60>, main=<bound method BuildVerb.main of <colcon_core.verb.build.BuildVerb object at 0x75dc5339ce60>>, mixin_verb=('build',))
[0.296s] Level 1:colcon.colcon_core.package_discovery:discover_packages(colcon_meta) check parameters
[0.297s] Level 1:colcon.colcon_core.package_discovery:discover_packages(recursive) check parameters
[0.297s] Level 1:colcon.colcon_core.package_discovery:discover_packages(ignore) check parameters
[0.297s] Level 1:colcon.colcon_core.package_discovery:discover_packages(path) check parameters
[0.297s] Level 1:colcon.colcon_core.package_discovery:discover_packages(colcon_meta) discover
[0.297s] Level 1:colcon.colcon_core.package_discovery:discover_packages(recursive) discover
[0.297s] INFO:colcon.colcon_core.package_discovery:Crawling recursively for packages in '/home/nimrod/robot_arm'
[0.297s] Level 1:colcon.colcon_core.package_identification:_identify(.) by extensions ['ignore', 'ignore_ament_install']
[0.297s] Level 1:colcon.colcon_core.package_identification:_identify(.) by extension 'ignore'
[0.298s] Level 1:colcon.colcon_core.package_identification:_identify(.) by extension 'ignore_ament_install'
[0.298s] Level 1:colcon.colcon_core.package_identification:_identify(.) by extensions ['colcon_pkg']
[0.298s] Level 1:colcon.colcon_core.package_identification:_identify(.) by extension 'colcon_pkg'
[0.298s] Level 1:colcon.colcon_core.package_identification:_identify(.) by extensions ['colcon_meta']
[0.298s] Level 1:colcon.colcon_core.package_identification:_identify(.) by extension 'colcon_meta'
[0.298s] Level 1:colcon.colcon_core.package_identification:_identify(.) by extensions ['ros']
[0.298s] Level 1:colcon.colcon_core.package_identification:_identify(.) by extension 'ros'
[0.361s] Level 1:colcon.colcon_core.package_identification:_identify(.) by extensions ['cmake', 'python']
[0.361s] Level 1:colcon.colcon_core.package_identification:_identify(.) by extension 'cmake'
[0.361s] Level 1:colcon.colcon_core.package_identification:_identify(.) by extension 'python'
[0.361s] Level 1:colcon.colcon_core.package_identification:_identify(.) by extensions ['python_setup_py']
[0.361s] Level 1:colcon.colcon_core.package_identification:_identify(.) by extension 'python_setup_py'
[0.362s] Level 1:colcon.colcon_core.package_identification:_identify(build) by extensions ['ignore', 'ignore_ament_install']
[0.362s] Level 1:colcon.colcon_core.package_identification:_identify(build) by extension 'ignore'
[0.362s] Level 1:colcon.colcon_core.package_identification:_identify(build) ignored
[0.362s] Level 1:colcon.colcon_core.package_identification:_identify(install) by extensions ['ignore', 'ignore_ament_install']
[0.363s] Level 1:colcon.colcon_core.package_identification:_identify(install) by extension 'ignore'
[0.363s] Level 1:colcon.colcon_core.package_identification:_identify(install) ignored
[0.363s] Level 1:colcon.colcon_core.package_identification:_identify(log) by extensions ['ignore', 'ignore_ament_install']
[0.363s] Level 1:colcon.colcon_core.package_identification:_identify(log) by extension 'ignore'
[0.363s] Level 1:colcon.colcon_core.package_identification:_identify(log) ignored
[0.363s] Level 1:colcon.colcon_core.package_identification:_identify(src) by extensions ['ignore', 'ignore_ament_install']
[0.364s] Level 1:colcon.colcon_core.package_identification:_identify(src) by extension 'ignore'
[0.364s] Level 1:colcon.colcon_core.package_identification:_identify(src) by extension 'ignore_ament_install'
[0.364s] Level 1:colcon.colcon_core.package_identification:_identify(src) by extensions ['colcon_pkg']
[0.364s] Level 1:colcon.colcon_core.package_identification:_identify(src) by extension 'colcon_pkg'
[0.364s] Level 1:colcon.colcon_core.package_identification:_identify(src) by extensions ['colcon_meta']
[0.364s] Level 1:colcon.colcon_core.package_identification:_identify(src) by extension 'colcon_meta'
[0.364s] Level 1:colcon.colcon_core.package_identification:_identify(src) by extensions ['ros']
[0.364s] Level 1:colcon.colcon_core.package_identification:_identify(src) by extension 'ros'
[0.364s] Level 1:colcon.colcon_core.package_identification:_identify(src) by extensions ['cmake', 'python']
[0.364s] Level 1:colcon.colcon_core.package_identification:_identify(src) by extension 'cmake'
[0.365s] Level 1:colcon.colcon_core.package_identification:_identify(src) by extension 'python'
[0.365s] Level 1:colcon.colcon_core.package_identification:_identify(src) by extensions ['python_setup_py']
[0.365s] Level 1:colcon.colcon_core.package_identification:_identify(src) by extension 'python_setup_py'
[0.365s] Level 1:colcon.colcon_core.package_identification:_identify(src/robot_arm) by extensions ['ignore', 'ignore_ament_install']
[0.365s] Level 1:colcon.colcon_core.package_identification:_identify(src/robot_arm) by extension 'ignore'
[0.365s] Level 1:colcon.colcon_core.package_identification:_identify(src/robot_arm) by extension 'ignore_ament_install'
[0.365s] Level 1:colcon.colcon_core.package_identification:_identify(src/robot_arm) by extensions ['colcon_pkg']
[0.366s] Level 1:colcon.colcon_core.package_identification:_identify(src/robot_arm) by extension 'colcon_pkg'
[0.366s] Level 1:colcon.colcon_core.package_identification:_identify(src/robot_arm) by extensions ['colcon_meta']
[0.366s] Level 1:colcon.colcon_core.package_identification:_identify(src/robot_arm) by extension 'colcon_meta'
[0.366s] Level 1:colcon.colcon_core.package_identification:_identify(src/robot_arm) by extensions ['ros']
[0.366s] Level 1:colcon.colcon_core.package_identification:_identify(src/robot_arm) by extension 'ros'
[0.371s] DEBUG:colcon.colcon_core.package_identification:Package 'src/robot_arm' with type 'ros.ament_cmake' and name 'robot_arm'
[0.371s] Level 1:colcon.colcon_core.package_discovery:discover_packages(recursive) using defaults
[0.371s] Level 1:colcon.colcon_core.package_discovery:discover_packages(ignore) discover
[0.371s] Level 1:colcon.colcon_core.package_discovery:discover_packages(ignore) using defaults
[0.371s] Level 1:colcon.colcon_core.package_discovery:discover_packages(path) discover
[0.371s] Level 1:colcon.colcon_core.package_discovery:discover_packages(path) using defaults
[0.410s] Level 1:colcon.colcon_core.package_discovery:discover_packages(prefix_path) check parameters
[0.410s] Level 1:colcon.colcon_core.package_discovery:discover_packages(prefix_path) discover
[0.412s] WARNING:colcon.colcon_ros.prefix_path.ament:The path '/home/nimrod/robot_arm/install/robot_arm' in the environment variable AMENT_PREFIX_PATH doesn't exist
[0.412s] WARNING:colcon.colcon_ros.prefix_path.catkin:The path '/home/nimrod/robot_arm/install/robot_arm' in the environment variable CMAKE_PREFIX_PATH doesn't exist
[0.414s] DEBUG:colcon.colcon_installed_package_information.package_discovery:Found 0 installed packages in /home/nimrod/robot_arm/install
[0.416s] DEBUG:colcon.colcon_installed_package_information.package_discovery:Found 1 installed packages in /home/nimrod/ws_1/install
[0.422s] DEBUG:colcon.colcon_installed_package_information.package_discovery:Found 386 installed packages in /opt/ros/jazzy
[0.428s] Level 1:colcon.colcon_core.package_discovery:discover_packages(prefix_path) using defaults
[0.545s] Level 5:colcon.colcon_core.verb:set package 'robot_arm' build argument 'cmake_args' from command line to 'None'
[0.545s] Level 5:colcon.colcon_core.verb:set package 'robot_arm' build argument 'cmake_target' from command line to 'None'
[0.545s] Level 5:colcon.colcon_core.verb:set package 'robot_arm' build argument 'cmake_target_skip_unavailable' from command line to 'False'
[0.545s] Level 5:colcon.colcon_core.verb:set package 'robot_arm' build argument 'cmake_clean_cache' from command line to 'False'
[0.546s] Level 5:colcon.colcon_core.verb:set package 'robot_arm' build argument 'cmake_clean_first' from command line to 'False'
[0.546s] Level 5:colcon.colcon_core.verb:set package 'robot_arm' build argument 'cmake_force_configure' from command line to 'False'
[0.546s] Level 5:colcon.colcon_core.verb:set package 'robot_arm' build argument 'ament_cmake_args' from command line to 'None'
[0.546s] Level 5:colcon.colcon_core.verb:set package 'robot_arm' build argument 'catkin_cmake_args' from command line to 'None'
[0.546s] Level 5:colcon.colcon_core.verb:set package 'robot_arm' build argument 'catkin_skip_building_tests' from command line to 'False'
[0.546s] DEBUG:colcon.colcon_core.verb:Building package 'robot_arm' with the following arguments: {'ament_cmake_args': None, 'build_base': '/home/nimrod/robot_arm/build/robot_arm', 'catkin_cmake_args': None, 'catkin_skip_building_tests': False, 'cmake_args': None, 'cmake_clean_cache': False, 'cmake_clean_first': False, 'cmake_force_configure': False, 'cmake_target': None, 'cmake_target_skip_unavailable': False, 'install_base': '/home/nimrod/robot_arm/install/robot_arm', 'merge_install': False, 'path': '/home/nimrod/robot_arm/src/robot_arm', 'symlink_install': False, 'test_result_base': None}
[0.546s] INFO:colcon.colcon_core.executor:Executing jobs using 'parallel' executor
[0.547s] DEBUG:colcon.colcon_parallel_executor.executor.parallel:run_until_complete
[0.548s] INFO:colcon.colcon_ros.task.ament_cmake.build:Building ROS package in '/home/nimrod/robot_arm/src/robot_arm' with build type 'ament_cmake'
[0.548s] INFO:colcon.colcon_cmake.task.cmake.build:Building CMake package in '/home/nimrod/robot_arm/src/robot_arm'
[0.553s] INFO:colcon.colcon_core.plugin_system:Skipping extension 'colcon_core.shell.bat': Not used on non-Windows systems
[0.554s] INFO:colcon.colcon_core.shell:Skip shell extension 'powershell' for command environment: Not usable outside of PowerShell
[0.554s] DEBUG:colcon.colcon_core.shell:Skip shell extension 'dsv' for command environment
[0.577s] DEBUG:colcon.colcon_core.event_handler.log_command:Invoking command in '/home/nimrod/robot_arm/build/robot_arm': CMAKE_PREFIX_PATH=${CMAKE_PREFIX_PATH}:/opt/ros/jazzy DEBUGINFOD_URLS=https://debuginfod.ubuntu.com /usr/bin/cmake /home/nimrod/robot_arm/src/robot_arm -DCMAKE_INSTALL_PREFIX=/home/nimrod/robot_arm/install/robot_arm
[2.389s] DEBUG:colcon.colcon_core.event_handler.log_command:Invoked command in '/home/nimrod/robot_arm/build/robot_arm' returned '0': CMAKE_PREFIX_PATH=${CMAKE_PREFIX_PATH}:/opt/ros/jazzy DEBUGINFOD_URLS=https://debuginfod.ubuntu.com /usr/bin/cmake /home/nimrod/robot_arm/src/robot_arm -DCMAKE_INSTALL_PREFIX=/home/nimrod/robot_arm/install/robot_arm
[2.392s] DEBUG:colcon.colcon_core.event_handler.log_command:Invoking command in '/home/nimrod/robot_arm/build/robot_arm': CMAKE_PREFIX_PATH=${CMAKE_PREFIX_PATH}:/opt/ros/jazzy DEBUGINFOD_URLS=https://debuginfod.ubuntu.com /usr/bin/cmake --build /home/nimrod/robot_arm/build/robot_arm -- -j4 -l4
[2.488s] DEBUG:colcon.colcon_core.event_handler.log_command:Invoked command in '/home/nimrod/robot_arm/build/robot_arm' returned '0': CMAKE_PREFIX_PATH=${CMAKE_PREFIX_PATH}:/opt/ros/jazzy DEBUGINFOD_URLS=https://debuginfod.ubuntu.com /usr/bin/cmake --build /home/nimrod/robot_arm/build/robot_arm -- -j4 -l4
[2.511s] DEBUG:colcon.colcon_core.event_handler.log_command:Invoking command in '/home/nimrod/robot_arm/build/robot_arm': CMAKE_PREFIX_PATH=${CMAKE_PREFIX_PATH}:/opt/ros/jazzy DEBUGINFOD_URLS=https://debuginfod.ubuntu.com /usr/bin/cmake --install /home/nimrod/robot_arm/build/robot_arm
[2.545s] Level 1:colcon.colcon_core.environment:create_environment_scripts_only(robot_arm)
[2.546s] DEBUG:colcon.colcon_core.event_handler.log_command:Invoked command in '/home/nimrod/robot_arm/build/robot_arm' returned '0': CMAKE_PREFIX_PATH=${CMAKE_PREFIX_PATH}:/opt/ros/jazzy DEBUGINFOD_URLS=https://debuginfod.ubuntu.com /usr/bin/cmake --install /home/nimrod/robot_arm/build/robot_arm
[2.550s] Level 1:colcon.colcon_core.environment:checking '/home/nimrod/robot_arm/install/robot_arm' for CMake module files
[2.551s] Level 1:colcon.colcon_core.environment:checking '/home/nimrod/robot_arm/install/robot_arm' for CMake config files
[2.551s] Level 1:colcon.colcon_core.shell:create_environment_hook('robot_arm', 'cmake_prefix_path')
[2.552s] INFO:colcon.colcon_core.shell:Creating environment hook '/home/nimrod/robot_arm/install/robot_arm/share/robot_arm/hook/cmake_prefix_path.ps1'
[2.553s] INFO:colcon.colcon_core.shell:Creating environment descriptor '/home/nimrod/robot_arm/install/robot_arm/share/robot_arm/hook/cmake_prefix_path.dsv'
[2.554s] INFO:colcon.colcon_core.shell:Creating environment hook '/home/nimrod/robot_arm/install/robot_arm/share/robot_arm/hook/cmake_prefix_path.sh'
[2.556s] Level 1:colcon.colcon_core.environment:checking '/home/nimrod/robot_arm/install/robot_arm/bin'
[2.556s] Level 1:colcon.colcon_core.environment:checking '/home/nimrod/robot_arm/install/robot_arm/lib/pkgconfig/robot_arm.pc'
[2.557s] Level 1:colcon.colcon_core.environment:checking '/home/nimrod/robot_arm/install/robot_arm/lib/python3.12/site-packages'
[2.558s] Level 1:colcon.colcon_core.environment:checking '/home/nimrod/robot_arm/install/robot_arm/bin'
[2.560s] INFO:colcon.colcon_core.shell:Creating package script '/home/nimrod/robot_arm/install/robot_arm/share/robot_arm/package.ps1'
[2.561s] INFO:colcon.colcon_core.shell:Creating package descriptor '/home/nimrod/robot_arm/install/robot_arm/share/robot_arm/package.dsv'
[2.562s] INFO:colcon.colcon_core.shell:Creating package script '/home/nimrod/robot_arm/install/robot_arm/share/robot_arm/package.sh'
[2.564s] INFO:colcon.colcon_core.shell:Creating package script '/home/nimrod/robot_arm/install/robot_arm/share/robot_arm/package.bash'
[2.565s] INFO:colcon.colcon_core.shell:Creating package script '/home/nimrod/robot_arm/install/robot_arm/share/robot_arm/package.zsh'
[2.566s] Level 1:colcon.colcon_core.environment:create_file_with_runtime_dependencies(/home/nimrod/robot_arm/install/robot_arm/share/colcon-core/packages/robot_arm)
[2.568s] Level 1:colcon.colcon_core.environment:create_environment_scripts_only(robot_arm)
[2.568s] Level 1:colcon.colcon_core.environment:checking '/home/nimrod/robot_arm/install/robot_arm' for CMake module files
[2.570s] Level 1:colcon.colcon_core.environment:checking '/home/nimrod/robot_arm/install/robot_arm' for CMake config files
[2.570s] Level 1:colcon.colcon_core.shell:create_environment_hook('robot_arm', 'cmake_prefix_path')
[2.571s] INFO:colcon.colcon_core.shell:Creating environment hook '/home/nimrod/robot_arm/install/robot_arm/share/robot_arm/hook/cmake_prefix_path.ps1'
[2.572s] INFO:colcon.colcon_core.shell:Creating environment descriptor '/home/nimrod/robot_arm/install/robot_arm/share/robot_arm/hook/cmake_prefix_path.dsv'
[2.573s] INFO:colcon.colcon_core.shell:Creating environment hook '/home/nimrod/robot_arm/install/robot_arm/share/robot_arm/hook/cmake_prefix_path.sh'
[2.574s] Level 1:colcon.colcon_core.environment:checking '/home/nimrod/robot_arm/install/robot_arm/bin'
[2.574s] Level 1:colcon.colcon_core.environment:checking '/home/nimrod/robot_arm/install/robot_arm/lib/pkgconfig/robot_arm.pc'
[2.575s] Level 1:colcon.colcon_core.environment:checking '/home/nimrod/robot_arm/install/robot_arm/lib/python3.12/site-packages'
[2.575s] Level 1:colcon.colcon_core.environment:checking '/home/nimrod/robot_arm/install/robot_arm/bin'
[2.576s] INFO:colcon.colcon_core.shell:Creating package script '/home/nimrod/robot_arm/install/robot_arm/share/robot_arm/package.ps1'
[2.577s] INFO:colcon.colcon_core.shell:Creating package descriptor '/home/nimrod/robot_arm/install/robot_arm/share/robot_arm/package.dsv'
[2.578s] INFO:colcon.colcon_core.shell:Creating package script '/home/nimrod/robot_arm/install/robot_arm/share/robot_arm/package.sh'
[2.579s] INFO:colcon.colcon_core.shell:Creating package script '/home/nimrod/robot_arm/install/robot_arm/share/robot_arm/package.bash'
[2.579s] INFO:colcon.colcon_core.shell:Creating package script '/home/nimrod/robot_arm/install/robot_arm/share/robot_arm/package.zsh'
[2.580s] Level 1:colcon.colcon_core.environment:create_file_with_runtime_dependencies(/home/nimrod/robot_arm/install/robot_arm/share/colcon-core/packages/robot_arm)
[2.581s] DEBUG:colcon.colcon_parallel_executor.executor.parallel:closing loop
[2.582s] DEBUG:colcon.colcon_parallel_executor.executor.parallel:loop closed
[2.582s] DEBUG:colcon.colcon_parallel_executor.executor.parallel:run_until_complete finished with '0'
[2.582s] DEBUG:colcon.colcon_core.event_reactor:joining thread
[2.598s] INFO:colcon.colcon_core.plugin_system:Skipping extension 'colcon_notification.desktop_notification.terminal_notifier': Not used on non-Darwin systems
[2.598s] INFO:colcon.colcon_core.plugin_system:Skipping extension 'colcon_notification.desktop_notification.win32': Not used on non-Windows systems
[2.598s] INFO:colcon.colcon_notification.desktop_notification:Sending desktop notification using 'notify2'
[2.625s] DEBUG:colcon.colcon_core.event_reactor:joined thread
[2.626s] INFO:colcon.colcon_core.shell:Creating prefix script '/home/nimrod/robot_arm/install/local_setup.ps1'
[2.628s] INFO:colcon.colcon_core.shell:Creating prefix util module '/home/nimrod/robot_arm/install/_local_setup_util_ps1.py'
[2.630s] INFO:colcon.colcon_core.shell:Creating prefix chain script '/home/nimrod/robot_arm/install/setup.ps1'
[2.633s] INFO:colcon.colcon_core.shell:Creating prefix script '/home/nimrod/robot_arm/install/local_setup.sh'
[2.634s] INFO:colcon.colcon_core.shell:Creating prefix util module '/home/nimrod/robot_arm/install/_local_setup_util_sh.py'
[2.636s] INFO:colcon.colcon_core.shell:Creating prefix chain script '/home/nimrod/robot_arm/install/setup.sh'
[2.638s] INFO:colcon.colcon_core.shell:Creating prefix script '/home/nimrod/robot_arm/install/local_setup.bash'
[2.639s] INFO:colcon.colcon_core.shell:Creating prefix chain script '/home/nimrod/robot_arm/install/setup.bash'
[2.641s] INFO:colcon.colcon_core.shell:Creating prefix script '/home/nimrod/robot_arm/install/local_setup.zsh'
[2.642s] INFO:colcon.colcon_core.shell:Creating prefix chain script '/home/nimrod/robot_arm/install/setup.zsh'
