-- Install configuration: ""
-- Up-to-date: /home/nimrod/robot_arm/install/robot_arm/share/robot_arm//urdf
-- Up-to-date: /home/nimrod/robot_arm/install/robot_arm/share/robot_arm//urdf/robot_arm.urdf.xacro
-- Up-to-date: /home/nimrod/robot_arm/install/robot_arm/share/robot_arm//urdf/robot_prop.xacro
-- Up-to-date: /home/nimrod/robot_arm/install/robot_arm/share/robot_arm//launch
-- Installing: /home/nimrod/robot_arm/install/robot_arm/share/robot_arm//launch/robot_arm_gazebo.launch.py
-- Up-to-date: /home/nimrod/robot_arm/install/robot_arm/share/robot_arm//launch/display.launch.xml
-- Up-to-date: /home/nimrod/robot_arm/install/robot_arm/share/ament_index/resource_index/package_run_dependencies/robot_arm
-- Up-to-date: /home/nimrod/robot_arm/install/robot_arm/share/ament_index/resource_index/parent_prefix_path/robot_arm
-- Up-to-date: /home/nimrod/robot_arm/install/robot_arm/share/robot_arm/environment/ament_prefix_path.sh
-- Up-to-date: /home/nimrod/robot_arm/install/robot_arm/share/robot_arm/environment/ament_prefix_path.dsv
-- Up-to-date: /home/nimrod/robot_arm/install/robot_arm/share/robot_arm/environment/path.sh
-- Up-to-date: /home/nimrod/robot_arm/install/robot_arm/share/robot_arm/environment/path.dsv
-- Up-to-date: /home/nimrod/robot_arm/install/robot_arm/share/robot_arm/local_setup.bash
-- Up-to-date: /home/nimrod/robot_arm/install/robot_arm/share/robot_arm/local_setup.sh
-- Up-to-date: /home/nimrod/robot_arm/install/robot_arm/share/robot_arm/local_setup.zsh
-- Up-to-date: /home/nimrod/robot_arm/install/robot_arm/share/robot_arm/local_setup.dsv
-- Up-to-date: /home/nimrod/robot_arm/install/robot_arm/share/robot_arm/package.dsv
-- Up-to-date: /home/nimrod/robot_arm/install/robot_arm/share/ament_index/resource_index/packages/robot_arm
-- Up-to-date: /home/nimrod/robot_arm/install/robot_arm/share/robot_arm/cmake/robot_armConfig.cmake
-- Up-to-date: /home/nimrod/robot_arm/install/robot_arm/share/robot_arm/cmake/robot_armConfig-version.cmake
-- Up-to-date: /home/nimrod/robot_arm/install/robot_arm/share/robot_arm/package.xml
