[0.030s] Invoking command in '/home/nimrod/robot_arm/build/robot_arm': CMAKE_PREFIX_PATH=${CMAKE_PREFIX_PATH}:/opt/ros/jazzy DEBUGINFOD_URLS=https://debuginfod.ubuntu.com /usr/bin/cmake --build /home/nimrod/robot_arm/build/robot_arm -- -j4 -l4
[0.127s] Invoked command in '/home/nimrod/robot_arm/build/robot_arm' returned '0': CMAKE_PREFIX_PATH=${CMAKE_PREFIX_PATH}:/opt/ros/jazzy DEBUGINFOD_URLS=https://debuginfod.ubuntu.com /usr/bin/cmake --build /home/nimrod/robot_arm/build/robot_arm -- -j4 -l4
[0.151s] Invoking command in '/home/nimrod/robot_arm/build/robot_arm': CMAKE_PREFIX_PATH=${CMAKE_PREFIX_PATH}:/opt/ros/jazzy DEBUGINFOD_URLS=https://debuginfod.ubuntu.com /usr/bin/cmake --install /home/nimrod/robot_arm/build/robot_arm
[0.174s] -- Install configuration: ""
[0.174s] -- Up-to-date: /home/nimrod/robot_arm/install/robot_arm/share/robot_arm//urdf
[0.174s] -- Up-to-date: /home/nimrod/robot_arm/install/robot_arm/share/robot_arm//urdf/robot_arm.urdf.xacro
[0.175s] -- Up-to-date: /home/nimrod/robot_arm/install/robot_arm/share/robot_arm//urdf/robot_prop.xacro
[0.176s] -- Up-to-date: /home/nimrod/robot_arm/install/robot_arm/share/robot_arm//launch
[0.176s] -- Installing: /home/nimrod/robot_arm/install/robot_arm/share/robot_arm//launch/robot_arm_gazebo.launch.py
[0.176s] -- Up-to-date: /home/nimrod/robot_arm/install/robot_arm/share/robot_arm//launch/display.launch.xml
[0.176s] -- Up-to-date: /home/nimrod/robot_arm/install/robot_arm/share/ament_index/resource_index/package_run_dependencies/robot_arm
[0.177s] -- Up-to-date: /home/nimrod/robot_arm/install/robot_arm/share/ament_index/resource_index/parent_prefix_path/robot_arm
[0.177s] -- Up-to-date: /home/nimrod/robot_arm/install/robot_arm/share/robot_arm/environment/ament_prefix_path.sh
[0.177s] -- Up-to-date: /home/nimrod/robot_arm/install/robot_arm/share/robot_arm/environment/ament_prefix_path.dsv
[0.177s] -- Up-to-date: /home/nimrod/robot_arm/install/robot_arm/share/robot_arm/environment/path.sh
[0.177s] -- Up-to-date: /home/nimrod/robot_arm/install/robot_arm/share/robot_arm/environment/path.dsv
[0.178s] -- Up-to-date: /home/nimrod/robot_arm/install/robot_arm/share/robot_arm/local_setup.bash
[0.178s] -- Up-to-date: /home/nimrod/robot_arm/install/robot_arm/share/robot_arm/local_setup.sh
[0.178s] -- Up-to-date: /home/nimrod/robot_arm/install/robot_arm/share/robot_arm/local_setup.zsh
[0.178s] -- Up-to-date: /home/nimrod/robot_arm/install/robot_arm/share/robot_arm/local_setup.dsv
[0.178s] -- Up-to-date: /home/nimrod/robot_arm/install/robot_arm/share/robot_arm/package.dsv
[0.178s] -- Up-to-date: /home/nimrod/robot_arm/install/robot_arm/share/ament_index/resource_index/packages/robot_arm
[0.179s] -- Up-to-date: /home/nimrod/robot_arm/install/robot_arm/share/robot_arm/cmake/robot_armConfig.cmake
[0.179s] -- Up-to-date: /home/nimrod/robot_arm/install/robot_arm/share/robot_arm/cmake/robot_armConfig-version.cmake
[0.180s] -- Up-to-date: /home/nimrod/robot_arm/install/robot_arm/share/robot_arm/package.xml
[0.181s] Invoked command in '/home/nimrod/robot_arm/build/robot_arm' returned '0': CMAKE_PREFIX_PATH=${CMAKE_PREFIX_PATH}:/opt/ros/jazzy DEBUGINFOD_URLS=https://debuginfod.ubuntu.com /usr/bin/cmake --install /home/nimrod/robot_arm/build/robot_arm
