[0.297s] DEBUG:colcon:Command line arguments: ['/usr/bin/colcon', 'build']
[0.298s] DEBUG:colcon:Parsed command line arguments: Namespace(log_base=None, log_level=None, verb_name='build', build_base='build', install_base='install', merge_install=False, symlink_install=False, test_result_base=None, continue_on_error=False, executor='parallel', parallel_workers=4, event_handlers=None, ignore_user_meta=False, metas=['./colcon.meta'], base_paths=['.'], packages_ignore=None, packages_ignore_regex=None, paths=None, packages_up_to=None, packages_up_to_regex=None, packages_above=None, packages_above_and_dependencies=None, packages_above_depth=None, packages_select_by_dep=None, packages_skip_by_dep=None, packages_skip_up_to=None, packages_select_build_failed=False, packages_skip_build_finished=False, packages_select_test_failures=False, packages_skip_test_passed=False, packages_select=None, packages_skip=None, packages_select_regex=None, packages_skip_regex=None, packages_start=None, packages_end=None, allow_overriding=[], cmake_args=None, cmake_target=None, cmake_target_skip_unavailable=False, cmake_clean_cache=False, cmake_clean_first=False, cmake_force_configure=False, ament_cmake_args=None, catkin_cmake_args=None, catkin_skip_building_tests=False, mixin_files=None, mixin=None, verb_parser=<colcon_mixin.mixin.mixin_argument.MixinArgumentDecorator object at 0x7a6921999190>, verb_extension=<colcon_core.verb.build.BuildVerb object at 0x7a6921998e90>, main=<bound method BuildVerb.main of <colcon_core.verb.build.BuildVerb object at 0x7a6921998e90>>, mixin_verb=('build',))
[0.389s] Level 1:colcon.colcon_core.package_discovery:discover_packages(colcon_meta) check parameters
[0.389s] Level 1:colcon.colcon_core.package_discovery:discover_packages(recursive) check parameters
[0.389s] Level 1:colcon.colcon_core.package_discovery:discover_packages(ignore) check parameters
[0.390s] Level 1:colcon.colcon_core.package_discovery:discover_packages(path) check parameters
[0.390s] Level 1:colcon.colcon_core.package_discovery:discover_packages(colcon_meta) discover
[0.390s] Level 1:colcon.colcon_core.package_discovery:discover_packages(recursive) discover
[0.390s] INFO:colcon.colcon_core.package_discovery:Crawling recursively for packages in '/home/nimrod/robot_arm/src/robot_arm'
[0.390s] Level 1:colcon.colcon_core.package_identification:_identify(.) by extensions ['ignore', 'ignore_ament_install']
[0.391s] Level 1:colcon.colcon_core.package_identification:_identify(.) by extension 'ignore'
[0.391s] Level 1:colcon.colcon_core.package_identification:_identify(.) by extension 'ignore_ament_install'
[0.391s] Level 1:colcon.colcon_core.package_identification:_identify(.) by extensions ['colcon_pkg']
[0.391s] Level 1:colcon.colcon_core.package_identification:_identify(.) by extension 'colcon_pkg'
[0.391s] Level 1:colcon.colcon_core.package_identification:_identify(.) by extensions ['colcon_meta']
[0.391s] Level 1:colcon.colcon_core.package_identification:_identify(.) by extension 'colcon_meta'
[0.391s] Level 1:colcon.colcon_core.package_identification:_identify(.) by extensions ['ros']
[0.391s] Level 1:colcon.colcon_core.package_identification:_identify(.) by extension 'ros'
[0.450s] DEBUG:colcon.colcon_core.package_identification:Package '.' with type 'ros.ament_cmake' and name 'robot_arm'
[0.451s] Level 1:colcon.colcon_core.package_discovery:discover_packages(recursive) using defaults
[0.451s] Level 1:colcon.colcon_core.package_discovery:discover_packages(ignore) discover
[0.451s] Level 1:colcon.colcon_core.package_discovery:discover_packages(ignore) using defaults
[0.451s] Level 1:colcon.colcon_core.package_discovery:discover_packages(path) discover
[0.451s] Level 1:colcon.colcon_core.package_discovery:discover_packages(path) using defaults
[0.484s] Level 1:colcon.colcon_core.package_discovery:discover_packages(prefix_path) check parameters
[0.484s] Level 1:colcon.colcon_core.package_discovery:discover_packages(prefix_path) discover
[0.488s] DEBUG:colcon.colcon_installed_package_information.package_discovery:Found 1 installed packages in /home/nimrod/robot_arm/src/robot_arm/install
[0.489s] DEBUG:colcon.colcon_installed_package_information.package_discovery:Found 1 installed packages in /home/nimrod/ws_1/install
[0.493s] DEBUG:colcon.colcon_installed_package_information.package_discovery:Found 386 installed packages in /opt/ros/jazzy
[0.496s] Level 1:colcon.colcon_core.package_discovery:discover_packages(prefix_path) using defaults
[0.604s] Level 5:colcon.colcon_core.verb:set package 'robot_arm' build argument 'cmake_args' from command line to 'None'
[0.604s] Level 5:colcon.colcon_core.verb:set package 'robot_arm' build argument 'cmake_target' from command line to 'None'
[0.604s] Level 5:colcon.colcon_core.verb:set package 'robot_arm' build argument 'cmake_target_skip_unavailable' from command line to 'False'
[0.604s] Level 5:colcon.colcon_core.verb:set package 'robot_arm' build argument 'cmake_clean_cache' from command line to 'False'
[0.604s] Level 5:colcon.colcon_core.verb:set package 'robot_arm' build argument 'cmake_clean_first' from command line to 'False'
[0.604s] Level 5:colcon.colcon_core.verb:set package 'robot_arm' build argument 'cmake_force_configure' from command line to 'False'
[0.604s] Level 5:colcon.colcon_core.verb:set package 'robot_arm' build argument 'ament_cmake_args' from command line to 'None'
[0.604s] Level 5:colcon.colcon_core.verb:set package 'robot_arm' build argument 'catkin_cmake_args' from command line to 'None'
[0.604s] Level 5:colcon.colcon_core.verb:set package 'robot_arm' build argument 'catkin_skip_building_tests' from command line to 'False'
[0.605s] DEBUG:colcon.colcon_core.verb:Building package 'robot_arm' with the following arguments: {'ament_cmake_args': None, 'build_base': '/home/nimrod/robot_arm/src/robot_arm/build/robot_arm', 'catkin_cmake_args': None, 'catkin_skip_building_tests': False, 'cmake_args': None, 'cmake_clean_cache': False, 'cmake_clean_first': False, 'cmake_force_configure': False, 'cmake_target': None, 'cmake_target_skip_unavailable': False, 'install_base': '/home/nimrod/robot_arm/src/robot_arm/install/robot_arm', 'merge_install': False, 'path': '/home/nimrod/robot_arm/src/robot_arm', 'symlink_install': False, 'test_result_base': None}
[0.605s] INFO:colcon.colcon_core.executor:Executing jobs using 'parallel' executor
[0.606s] DEBUG:colcon.colcon_parallel_executor.executor.parallel:run_until_complete
[0.607s] INFO:colcon.colcon_ros.task.ament_cmake.build:Building ROS package in '/home/nimrod/robot_arm/src/robot_arm' with build type 'ament_cmake'
[0.607s] INFO:colcon.colcon_cmake.task.cmake.build:Building CMake package in '/home/nimrod/robot_arm/src/robot_arm'
[0.611s] INFO:colcon.colcon_core.plugin_system:Skipping extension 'colcon_core.shell.bat': Not used on non-Windows systems
[0.612s] INFO:colcon.colcon_core.shell:Skip shell extension 'powershell' for command environment: Not usable outside of PowerShell
[0.613s] DEBUG:colcon.colcon_core.shell:Skip shell extension 'dsv' for command environment
[0.636s] DEBUG:colcon.colcon_core.event_handler.log_command:Invoking command in '/home/nimrod/robot_arm/src/robot_arm/build/robot_arm': CMAKE_PREFIX_PATH=${CMAKE_PREFIX_PATH}:/opt/ros/jazzy DEBUGINFOD_URLS=https://debuginfod.ubuntu.com /usr/bin/cmake --build /home/nimrod/robot_arm/src/robot_arm/build/robot_arm -- -j4 -l4
[0.731s] DEBUG:colcon.colcon_core.event_handler.log_command:Invoked command in '/home/nimrod/robot_arm/src/robot_arm/build/robot_arm' returned '0': CMAKE_PREFIX_PATH=${CMAKE_PREFIX_PATH}:/opt/ros/jazzy DEBUGINFOD_URLS=https://debuginfod.ubuntu.com /usr/bin/cmake --build /home/nimrod/robot_arm/src/robot_arm/build/robot_arm -- -j4 -l4
[0.755s] DEBUG:colcon.colcon_core.event_handler.log_command:Invoking command in '/home/nimrod/robot_arm/src/robot_arm/build/robot_arm': CMAKE_PREFIX_PATH=${CMAKE_PREFIX_PATH}:/opt/ros/jazzy DEBUGINFOD_URLS=https://debuginfod.ubuntu.com /usr/bin/cmake --install /home/nimrod/robot_arm/src/robot_arm/build/robot_arm
[0.781s] Level 1:colcon.colcon_core.environment:create_environment_scripts_only(robot_arm)
[0.783s] DEBUG:colcon.colcon_core.event_handler.log_command:Invoked command in '/home/nimrod/robot_arm/src/robot_arm/build/robot_arm' returned '0': CMAKE_PREFIX_PATH=${CMAKE_PREFIX_PATH}:/opt/ros/jazzy DEBUGINFOD_URLS=https://debuginfod.ubuntu.com /usr/bin/cmake --install /home/nimrod/robot_arm/src/robot_arm/build/robot_arm
[0.787s] Level 1:colcon.colcon_core.environment:checking '/home/nimrod/robot_arm/src/robot_arm/install/robot_arm' for CMake module files
[0.788s] Level 1:colcon.colcon_core.environment:checking '/home/nimrod/robot_arm/src/robot_arm/install/robot_arm' for CMake config files
[0.788s] Level 1:colcon.colcon_core.shell:create_environment_hook('robot_arm', 'cmake_prefix_path')
[0.789s] INFO:colcon.colcon_core.shell:Creating environment hook '/home/nimrod/robot_arm/src/robot_arm/install/robot_arm/share/robot_arm/hook/cmake_prefix_path.ps1'
[0.790s] INFO:colcon.colcon_core.shell:Creating environment descriptor '/home/nimrod/robot_arm/src/robot_arm/install/robot_arm/share/robot_arm/hook/cmake_prefix_path.dsv'
[0.790s] INFO:colcon.colcon_core.shell:Creating environment hook '/home/nimrod/robot_arm/src/robot_arm/install/robot_arm/share/robot_arm/hook/cmake_prefix_path.sh'
[0.792s] Level 1:colcon.colcon_core.environment:checking '/home/nimrod/robot_arm/src/robot_arm/install/robot_arm/bin'
[0.792s] Level 1:colcon.colcon_core.environment:checking '/home/nimrod/robot_arm/src/robot_arm/install/robot_arm/lib/pkgconfig/robot_arm.pc'
[0.793s] Level 1:colcon.colcon_core.environment:checking '/home/nimrod/robot_arm/src/robot_arm/install/robot_arm/lib/python3.12/site-packages'
[0.793s] Level 1:colcon.colcon_core.environment:checking '/home/nimrod/robot_arm/src/robot_arm/install/robot_arm/bin'
[0.794s] INFO:colcon.colcon_core.shell:Creating package script '/home/nimrod/robot_arm/src/robot_arm/install/robot_arm/share/robot_arm/package.ps1'
[0.795s] INFO:colcon.colcon_core.shell:Creating package descriptor '/home/nimrod/robot_arm/src/robot_arm/install/robot_arm/share/robot_arm/package.dsv'
[0.796s] INFO:colcon.colcon_core.shell:Creating package script '/home/nimrod/robot_arm/src/robot_arm/install/robot_arm/share/robot_arm/package.sh'
[0.797s] INFO:colcon.colcon_core.shell:Creating package script '/home/nimrod/robot_arm/src/robot_arm/install/robot_arm/share/robot_arm/package.bash'
[0.798s] INFO:colcon.colcon_core.shell:Creating package script '/home/nimrod/robot_arm/src/robot_arm/install/robot_arm/share/robot_arm/package.zsh'
[0.799s] Level 1:colcon.colcon_core.environment:create_file_with_runtime_dependencies(/home/nimrod/robot_arm/src/robot_arm/install/robot_arm/share/colcon-core/packages/robot_arm)
[0.800s] Level 1:colcon.colcon_core.environment:create_environment_scripts_only(robot_arm)
[0.800s] Level 1:colcon.colcon_core.environment:checking '/home/nimrod/robot_arm/src/robot_arm/install/robot_arm' for CMake module files
[0.801s] Level 1:colcon.colcon_core.environment:checking '/home/nimrod/robot_arm/src/robot_arm/install/robot_arm' for CMake config files
[0.802s] Level 1:colcon.colcon_core.shell:create_environment_hook('robot_arm', 'cmake_prefix_path')
[0.802s] INFO:colcon.colcon_core.shell:Creating environment hook '/home/nimrod/robot_arm/src/robot_arm/install/robot_arm/share/robot_arm/hook/cmake_prefix_path.ps1'
[0.803s] INFO:colcon.colcon_core.shell:Creating environment descriptor '/home/nimrod/robot_arm/src/robot_arm/install/robot_arm/share/robot_arm/hook/cmake_prefix_path.dsv'
[0.803s] INFO:colcon.colcon_core.shell:Creating environment hook '/home/nimrod/robot_arm/src/robot_arm/install/robot_arm/share/robot_arm/hook/cmake_prefix_path.sh'
[0.804s] Level 1:colcon.colcon_core.environment:checking '/home/nimrod/robot_arm/src/robot_arm/install/robot_arm/bin'
[0.804s] Level 1:colcon.colcon_core.environment:checking '/home/nimrod/robot_arm/src/robot_arm/install/robot_arm/lib/pkgconfig/robot_arm.pc'
[0.805s] Level 1:colcon.colcon_core.environment:checking '/home/nimrod/robot_arm/src/robot_arm/install/robot_arm/lib/python3.12/site-packages'
[0.805s] Level 1:colcon.colcon_core.environment:checking '/home/nimrod/robot_arm/src/robot_arm/install/robot_arm/bin'
[0.806s] INFO:colcon.colcon_core.shell:Creating package script '/home/nimrod/robot_arm/src/robot_arm/install/robot_arm/share/robot_arm/package.ps1'
[0.807s] INFO:colcon.colcon_core.shell:Creating package descriptor '/home/nimrod/robot_arm/src/robot_arm/install/robot_arm/share/robot_arm/package.dsv'
[0.808s] INFO:colcon.colcon_core.shell:Creating package script '/home/nimrod/robot_arm/src/robot_arm/install/robot_arm/share/robot_arm/package.sh'
[0.809s] INFO:colcon.colcon_core.shell:Creating package script '/home/nimrod/robot_arm/src/robot_arm/install/robot_arm/share/robot_arm/package.bash'
[0.811s] INFO:colcon.colcon_core.shell:Creating package script '/home/nimrod/robot_arm/src/robot_arm/install/robot_arm/share/robot_arm/package.zsh'
[0.813s] Level 1:colcon.colcon_core.environment:create_file_with_runtime_dependencies(/home/nimrod/robot_arm/src/robot_arm/install/robot_arm/share/colcon-core/packages/robot_arm)
[0.814s] DEBUG:colcon.colcon_parallel_executor.executor.parallel:closing loop
[0.815s] DEBUG:colcon.colcon_parallel_executor.executor.parallel:loop closed
[0.815s] DEBUG:colcon.colcon_parallel_executor.executor.parallel:run_until_complete finished with '0'
[0.815s] DEBUG:colcon.colcon_core.event_reactor:joining thread
[0.830s] INFO:colcon.colcon_core.plugin_system:Skipping extension 'colcon_notification.desktop_notification.terminal_notifier': Not used on non-Darwin systems
[0.830s] INFO:colcon.colcon_core.plugin_system:Skipping extension 'colcon_notification.desktop_notification.win32': Not used on non-Windows systems
[0.830s] INFO:colcon.colcon_notification.desktop_notification:Sending desktop notification using 'notify2'
[0.856s] DEBUG:colcon.colcon_core.event_reactor:joined thread
[0.857s] INFO:colcon.colcon_core.shell:Creating prefix script '/home/nimrod/robot_arm/src/robot_arm/install/local_setup.ps1'
[0.859s] INFO:colcon.colcon_core.shell:Creating prefix util module '/home/nimrod/robot_arm/src/robot_arm/install/_local_setup_util_ps1.py'
[0.861s] INFO:colcon.colcon_core.shell:Creating prefix chain script '/home/nimrod/robot_arm/src/robot_arm/install/setup.ps1'
[0.863s] INFO:colcon.colcon_core.shell:Creating prefix script '/home/nimrod/robot_arm/src/robot_arm/install/local_setup.sh'
[0.865s] INFO:colcon.colcon_core.shell:Creating prefix util module '/home/nimrod/robot_arm/src/robot_arm/install/_local_setup_util_sh.py'
[0.866s] INFO:colcon.colcon_core.shell:Creating prefix chain script '/home/nimrod/robot_arm/src/robot_arm/install/setup.sh'
[0.868s] INFO:colcon.colcon_core.shell:Creating prefix script '/home/nimrod/robot_arm/src/robot_arm/install/local_setup.bash'
[0.870s] INFO:colcon.colcon_core.shell:Creating prefix chain script '/home/nimrod/robot_arm/src/robot_arm/install/setup.bash'
[0.872s] INFO:colcon.colcon_core.shell:Creating prefix script '/home/nimrod/robot_arm/src/robot_arm/install/local_setup.zsh'
[0.873s] INFO:colcon.colcon_core.shell:Creating prefix chain script '/home/nimrod/robot_arm/src/robot_arm/install/setup.zsh'
